# JRE version: Java(TM) SE Runtime Environment (8.0-b113) (build 1.8.0-ea-b113)
# Java VM: Java HotSpot(TM) 64-Bit Server VM (25.0-b55 mixed mode windows-amd64 compressed oops)
Heap:
 PSYoungGen      total 62976K, used 4592K [0x00000000dae80000, 0x00000000e3480000, 0x0000000100000000)
  eden space 58368K, 0% used [0x00000000dae80000,0x00000000dae80000,0x00000000de780000)
  from space 4608K, 99% used [0x00000000de780000,0x00000000debfc070,0x00000000dec00000)
  to   space 10240K, 0% used [0x00000000e2a80000,0x00000000e2a80000,0x00000000e3480000)
 ParOldGen       total 75776K, used 10050K [0x0000000090c00000, 0x0000000095600000, 0x00000000dae80000)
  object space 75776K, 13% used [0x0000000090c00000,0x00000000915d0868,0x0000000095600000)
 Metaspace       used 20925K, capacity 21162K, committed 21296K, reserved 1067008K
  class space    used 2742K, capacity 2843K, committed 2864K, reserved 1048576K
GC Heap History (10 events):
Event: 1.827 GC heap after
Heap after GC invocations=1 (full 0):
 PSYoungGen      total 33792K, used 4585K [0x00000000dae80000, 0x00000000dd400000, 0x0000000100000000)
  eden space 29184K, 0% used [0x00000000dae80000,0x00000000dae80000,0x00000000dcb00000)
  from space 4608K, 99% used [0x00000000dcb00000,0x00000000dcf7a550,0x00000000dcf80000)
  to   space 4608K, 0% used [0x00000000dcf80000,0x00000000dcf80000,0x00000000dd400000)
 ParOldGen       total 75776K, used 191K [0x0000000090c00000, 0x0000000095600000, 0x00000000dae80000)
  object space 75776K, 0% used [0x0000000090c00000,0x0000000090c2fc70,0x0000000095600000)
 Metaspace       used 8494K, capacity 8584K, committed 8704K, reserved 1056768K
  class space    used 959K, capacity 982K, committed 1024K, reserved 1048576K
}
Event: 2.465 GC heap before
{Heap before GC invocations=2 (full 0):
 PSYoungGen      total 33792K, used 33769K [0x00000000dae80000, 0x00000000dd400000, 0x0000000100000000)
  eden space 29184K, 100% used [0x00000000dae80000,0x00000000dcb00000,0x00000000dcb00000)
  from space 4608K, 99% used [0x00000000dcb00000,0x00000000dcf7a550,0x00000000dcf80000)
  to   space 4608K, 0% used [0x00000000dcf80000,0x00000000dcf80000,0x00000000dd400000)
 ParOldGen       total 75776K, used 191K [0x0000000090c00000, 0x0000000095600000, 0x00000000dae80000)
  object space 75776K, 0% used [0x0000000090c00000,0x0000000090c2fc70,0x0000000095600000)
 Metaspace       used 9060K, capacity 9192K, committed 9344K, reserved 1056768K
  class space    used 1027K, capacity 1078K, committed 1152K, reserved 1048576K
Event: 2.478 GC heap after
Heap after GC invocations=2 (full 0):
 PSYoungGen      total 33792K, used 3470K [0x00000000dae80000, 0x00000000df080000, 0x0000000100000000)
  eden space 29184K, 0% used [0x00000000dae80000,0x00000000dae80000,0x00000000dcb00000)
  from space 4608K, 75% used [0x00000000dcf80000,0x00000000dd2e3ae8,0x00000000dd400000)
  to   space 4608K, 0% used [0x00000000dcb00000,0x00000000dcb00000,0x00000000dcf80000)
 ParOldGen       total 75776K, used 199K [0x0000000090c00000, 0x0000000095600000, 0x00000000dae80000)
  object space 75776K, 0% used [0x0000000090c00000,0x0000000090c31c70,0x0000000095600000)
 Metaspace       used 9060K, capacity 9192K, committed 9344K, reserved 1056768K
  class space    used 1027K, capacity 1078K, committed 1152K, reserved 1048576K
}
Event: 3.437 GC heap before
{Heap before GC invocations=3 (full 0):
 PSYoungGen      total 33792K, used 32654K [0x00000000dae80000, 0x00000000df080000, 0x0000000100000000)
  eden space 29184K, 100% used [0x00000000dae80000,0x00000000dcb00000,0x00000000dcb00000)
  from space 4608K, 75% used [0x00000000dcf80000,0x00000000dd2e3ae8,0x00000000dd400000)
  to   space 4608K, 0% used [0x00000000dcb00000,0x00000000dcb00000,0x00000000dcf80000)
 ParOldGen       total 75776K, used 199K [0x0000000090c00000, 0x0000000095600000, 0x00000000dae80000)
  object space 75776K, 0% used [0x0000000090c00000,0x0000000090c31c70,0x0000000095600000)
 Metaspace       used 12961K, capacity 13128K, committed 13184K, reserved 1060864K
  class space    used 1562K, capacity 1622K, committed 1664K, reserved 1048576K
Event: 3.453 GC heap after
Heap after GC invocations=3 (full 0):
 PSYoungGen      total 33792K, used 4590K [0x00000000dae80000, 0x00000000df080000, 0x0000000100000000)
  eden space 29184K, 0% used [0x00000000dae80000,0x00000000dae80000,0x00000000dcb00000)
  from space 4608K, 99% used [0x00000000dcb00000,0x00000000dcf7ba80,0x00000000dcf80000)
  to   space 4608K, 0% used [0x00000000dec00000,0x00000000dec00000,0x00000000df080000)
 ParOldGen       total 75776K, used 3602K [0x0000000090c00000, 0x0000000095600000, 0x00000000dae80000)
  object space 75776K, 4% used [0x0000000090c00000,0x0000000090f84980,0x0000000095600000)
 Metaspace       used 12961K, capacity 13128K, committed 13184K, reserved 1060864K
  class space    used 1562K, capacity 1622K, committed 1664K, reserved 1048576K
}
Event: 4.627 GC heap before
{Heap before GC invocations=4 (full 0):
 PSYoungGen      total 33792K, used 33774K [0x00000000dae80000, 0x00000000df080000, 0x0000000100000000)
  eden space 29184K, 100% used [0x00000000dae80000,0x00000000dcb00000,0x00000000dcb00000)
  from space 4608K, 99% used [0x00000000dcb00000,0x00000000dcf7ba80,0x00000000dcf80000)
  to   space 4608K, 0% used [0x00000000dec00000,0x00000000dec00000,0x00000000df080000)
 ParOldGen       total 75776K, used 3602K [0x0000000090c00000, 0x0000000095600000, 0x00000000dae80000)
  object space 75776K, 4% used [0x0000000090c00000,0x0000000090f84980,0x0000000095600000)
 Metaspace       used 18492K, capacity 18666K, committed 18944K, reserved 1064960K
  class space    used 2365K, capacity 2433K, committed 2560K, reserved 1048576K
Event: 4.646 GC heap after
Heap after GC invocations=4 (full 0):
 PSYoungGen      total 62976K, used 4576K [0x00000000dae80000, 0x00000000df080000, 0x0000000100000000)
  eden space 58368K, 0% used [0x00000000dae80000,0x00000000dae80000,0x00000000de780000)
  from space 4608K, 99% used [0x00000000dec00000,0x00000000df078080,0x00000000df080000)
  to   space 4608K, 0% used [0x00000000de780000,0x00000000de780000,0x00000000dec00000)
 ParOldGen       total 75776K, used 7745K [0x0000000090c00000, 0x0000000095600000, 0x00000000dae80000)
  object space 75776K, 10% used [0x0000000090c00000,0x0000000091390680,0x0000000095600000)
 Metaspace       used 18492K, capacity 18666K, committed 18944K, reserved 1064960K
  class space    used 2365K, capacity 2433K, committed 2560K, reserved 1048576K
}
Event: 6.076 GC heap before
{Heap before GC invocations=5 (full 0):
 PSYoungGen      total 62976K, used 24699K [0x00000000dae80000, 0x00000000df080000, 0x0000000100000000)
  eden space 58368K, 34% used [0x00000000dae80000,0x00000000dc226d18,0x00000000de780000)
  from space 4608K, 99% used [0x00000000dec00000,0x00000000df078080,0x00000000df080000)
  to   space 4608K, 0% used [0x00000000de780000,0x00000000de780000,0x00000000dec00000)
 ParOldGen       total 75776K, used 7745K [0x0000000090c00000, 0x0000000095600000, 0x00000000dae80000)
  object space 75776K, 10% used [0x0000000090c00000,0x0000000091390680,0x0000000095600000)
 Metaspace       used 20925K, capacity 21162K, committed 21296K, reserved 1067008K
  class space    used 2742K, capacity 2843K, committed 2864K, reserved 1048576K
Event: 6.094 GC heap after
Heap after GC invocations=5 (full 0):
 PSYoungGen      total 62976K, used 4592K [0x00000000dae80000, 0x00000000e3480000, 0x0000000100000000)
  eden space 58368K, 0% used [0x00000000dae80000,0x00000000dae80000,0x00000000de780000)
  from space 4608K, 99% used [0x00000000de780000,0x00000000debfc070,0x00000000dec00000)
  to   space 10240K, 0% used [0x00000000e2a80000,0x00000000e2a80000,0x00000000e3480000)
 ParOldGen       total 75776K, used 10050K [0x0000000090c00000, 0x0000000095600000, 0x00000000dae80000)
  object space 75776K, 13% used [0x0000000090c00000,0x00000000915d0868,0x0000000095600000)
 Metaspace       used 20925K, capacity 21162K, committed 21296K, reserved 1067008K
  class space    used 2742K, capacity 2843K, committed 2864K, reserved 1048576K
}
Event: 6.094 GC heap before
{Heap before GC invocations=6 (full 1):
 PSYoungGen      total 62976K, used 4592K [0x00000000dae80000, 0x00000000e3480000, 0x0000000100000000)
  eden space 58368K, 0% used [0x00000000dae80000,0x00000000dae80000,0x00000000de780000)
  from space 4608K, 99% used [0x00000000de780000,0x00000000debfc070,0x00000000dec00000)
  to   space 10240K, 0% used [0x00000000e2a80000,0x00000000e2a80000,0x00000000e3480000)
 ParOldGen       total 75776K, used 10050K [0x0000000090c00000, 0x0000000095600000, 0x00000000dae80000)
  object space 75776K, 13% used [0x0000000090c00000,0x00000000915d0868,0x0000000095600000)
 Metaspace       used 20925K, capacity 21162K, committed 21296K, reserved 1067008K
  class space    used 2742K, capacity 2843K, committed 2864K, reserved 1048576K

