# JRE version: Java(TM) SE Runtime Environment (8.0-b113) (build 1.8.0-ea-b113)
# Java VM: Java HotSpot(TM) 64-Bit Server VM (25.0-b55 mixed mode windows-amd64 compressed oops)
Heap:
 PSYoungGen      total 62976K, used 4588K [0x00000000dae80000, 0x00000000e3380000, 0x0000000100000000)
  eden space 58368K, 0% used [0x00000000dae80000,0x00000000dae80000,0x00000000de780000)
  from space 4608K, 99% used [0x00000000de780000,0x00000000debfb0b8,0x00000000dec00000)
  to   space 9728K, 0% used [0x00000000e2a00000,0x00000000e2a00000,0x00000000e3380000)
 ParOldGen       total 75776K, used 8546K [0x0000000090c00000, 0x0000000095600000, 0x00000000dae80000)
  object space 75776K, 11% used [0x0000000090c00000,0x00000000914588b8,0x0000000095600000)
 Metaspace       used 20980K, capacity 21160K, committed 21296K, reserved 1067008K
  class space    used 2754K, capacity 2842K, committed 2864K, reserved 1048576K
GC Heap History (10 events):
Event: 1.898 GC heap after
Heap after GC invocations=1 (full 0):
 PSYoungGen      total 33792K, used 4601K [0x00000000dae80000, 0x00000000dd400000, 0x0000000100000000)
  eden space 29184K, 0% used [0x00000000dae80000,0x00000000dae80000,0x00000000dcb00000)
  from space 4608K, 99% used [0x00000000dcb00000,0x00000000dcf7e5e0,0x00000000dcf80000)
  to   space 4608K, 0% used [0x00000000dcf80000,0x00000000dcf80000,0x00000000dd400000)
 ParOldGen       total 75776K, used 171K [0x0000000090c00000, 0x0000000095600000, 0x00000000dae80000)
  object space 75776K, 0% used [0x0000000090c00000,0x0000000090c2ad68,0x0000000095600000)
 Metaspace       used 8489K, capacity 8584K, committed 8704K, reserved 1056768K
  class space    used 959K, capacity 982K, committed 1024K, reserved 1048576K
}
Event: 2.625 GC heap before
{Heap before GC invocations=2 (full 0):
 PSYoungGen      total 33792K, used 33785K [0x00000000dae80000, 0x00000000dd400000, 0x0000000100000000)
  eden space 29184K, 100% used [0x00000000dae80000,0x00000000dcb00000,0x00000000dcb00000)
  from space 4608K, 99% used [0x00000000dcb00000,0x00000000dcf7e5e0,0x00000000dcf80000)
  to   space 4608K, 0% used [0x00000000dcf80000,0x00000000dcf80000,0x00000000dd400000)
 ParOldGen       total 75776K, used 171K [0x0000000090c00000, 0x0000000095600000, 0x00000000dae80000)
  object space 75776K, 0% used [0x0000000090c00000,0x0000000090c2ad68,0x0000000095600000)
 Metaspace       used 11318K, capacity 11400K, committed 11648K, reserved 1058816K
  class space    used 1333K, capacity 1366K, committed 1408K, reserved 1048576K
Event: 2.638 GC heap after
Heap after GC invocations=2 (full 0):
 PSYoungGen      total 33792K, used 4600K [0x00000000dae80000, 0x00000000df080000, 0x0000000100000000)
  eden space 29184K, 0% used [0x00000000dae80000,0x00000000dae80000,0x00000000dcb00000)
  from space 4608K, 99% used [0x00000000dcf80000,0x00000000dd3fe020,0x00000000dd400000)
  to   space 4608K, 0% used [0x00000000dcb00000,0x00000000dcb00000,0x00000000dcf80000)
 ParOldGen       total 75776K, used 374K [0x0000000090c00000, 0x0000000095600000, 0x00000000dae80000)
  object space 75776K, 0% used [0x0000000090c00000,0x0000000090c5daf0,0x0000000095600000)
 Metaspace       used 11318K, capacity 11400K, committed 11648K, reserved 1058816K
  class space    used 1333K, capacity 1366K, committed 1408K, reserved 1048576K
}
Event: 3.817 GC heap before
{Heap before GC invocations=3 (full 0):
 PSYoungGen      total 33792K, used 33784K [0x00000000dae80000, 0x00000000df080000, 0x0000000100000000)
  eden space 29184K, 100% used [0x00000000dae80000,0x00000000dcb00000,0x00000000dcb00000)
  from space 4608K, 99% used [0x00000000dcf80000,0x00000000dd3fe020,0x00000000dd400000)
  to   space 4608K, 0% used [0x00000000dcb00000,0x00000000dcb00000,0x00000000dcf80000)
 ParOldGen       total 75776K, used 374K [0x0000000090c00000, 0x0000000095600000, 0x00000000dae80000)
  object space 75776K, 0% used [0x0000000090c00000,0x0000000090c5daf0,0x0000000095600000)
 Metaspace       used 15790K, capacity 15912K, committed 16256K, reserved 1062912K
  class space    used 2000K, capacity 2052K, committed 2176K, reserved 1048576K
Event: 3.834 GC heap after
Heap after GC invocations=3 (full 0):
 PSYoungGen      total 33792K, used 4592K [0x00000000dae80000, 0x00000000df080000, 0x0000000100000000)
  eden space 29184K, 0% used [0x00000000dae80000,0x00000000dae80000,0x00000000dcb00000)
  from space 4608K, 99% used [0x00000000dcb00000,0x00000000dcf7c090,0x00000000dcf80000)
  to   space 4608K, 0% used [0x00000000dec00000,0x00000000dec00000,0x00000000df080000)
 ParOldGen       total 75776K, used 3650K [0x0000000090c00000, 0x0000000095600000, 0x00000000dae80000)
  object space 75776K, 4% used [0x0000000090c00000,0x0000000090f90858,0x0000000095600000)
 Metaspace       used 15790K, capacity 15912K, committed 16256K, reserved 1062912K
  class space    used 2000K, capacity 2052K, committed 2176K, reserved 1048576K
}
Event: 5.564 GC heap before
{Heap before GC invocations=4 (full 0):
 PSYoungGen      total 33792K, used 33776K [0x00000000dae80000, 0x00000000df080000, 0x0000000100000000)
  eden space 29184K, 100% used [0x00000000dae80000,0x00000000dcb00000,0x00000000dcb00000)
  from space 4608K, 99% used [0x00000000dcb00000,0x00000000dcf7c090,0x00000000dcf80000)
  to   space 4608K, 0% used [0x00000000dec00000,0x00000000dec00000,0x00000000df080000)
 ParOldGen       total 75776K, used 3650K [0x0000000090c00000, 0x0000000095600000, 0x00000000dae80000)
  object space 75776K, 4% used [0x0000000090c00000,0x0000000090f90858,0x0000000095600000)
 Metaspace       used 20062K, capacity 20358K, committed 20736K, reserved 1067008K
  class space    used 2637K, capacity 2745K, committed 2816K, reserved 1048576K
Event: 5.582 GC heap after
Heap after GC invocations=4 (full 0):
 PSYoungGen      total 62976K, used 4592K [0x00000000dae80000, 0x00000000df080000, 0x0000000100000000)
  eden space 58368K, 0% used [0x00000000dae80000,0x00000000dae80000,0x00000000de780000)
  from space 4608K, 99% used [0x00000000dec00000,0x00000000df07c0b0,0x00000000df080000)
  to   space 4608K, 0% used [0x00000000de780000,0x00000000de780000,0x00000000dec00000)
 ParOldGen       total 75776K, used 7615K [0x0000000090c00000, 0x0000000095600000, 0x00000000dae80000)
  object space 75776K, 10% used [0x0000000090c00000,0x000000009136fc30,0x0000000095600000)
 Metaspace       used 20062K, capacity 20358K, committed 20736K, reserved 1067008K
  class space    used 2637K, capacity 2745K, committed 2816K, reserved 1048576K
}
Event: 9.765 GC heap before
{Heap before GC invocations=5 (full 0):
 PSYoungGen      total 62976K, used 10513K [0x00000000dae80000, 0x00000000df080000, 0x0000000100000000)
  eden space 58368K, 10% used [0x00000000dae80000,0x00000000db448658,0x00000000de780000)
  from space 4608K, 99% used [0x00000000dec00000,0x00000000df07c0b0,0x00000000df080000)
  to   space 4608K, 0% used [0x00000000de780000,0x00000000de780000,0x00000000dec00000)
 ParOldGen       total 75776K, used 7615K [0x0000000090c00000, 0x0000000095600000, 0x00000000dae80000)
  object space 75776K, 10% used [0x0000000090c00000,0x000000009136fc30,0x0000000095600000)
 Metaspace       used 20980K, capacity 21160K, committed 21296K, reserved 1067008K
  class space    used 2754K, capacity 2842K, committed 2864K, reserved 1048576K
Event: 9.782 GC heap after
Heap after GC invocations=5 (full 0):
 PSYoungGen      total 62976K, used 4588K [0x00000000dae80000, 0x00000000e3380000, 0x0000000100000000)
  eden space 58368K, 0% used [0x00000000dae80000,0x00000000dae80000,0x00000000de780000)
  from space 4608K, 99% used [0x00000000de780000,0x00000000debfb0b8,0x00000000dec00000)
  to   space 9728K, 0% used [0x00000000e2a00000,0x00000000e2a00000,0x00000000e3380000)
 ParOldGen       total 75776K, used 8546K [0x0000000090c00000, 0x0000000095600000, 0x00000000dae80000)
  object space 75776K, 11% used [0x0000000090c00000,0x00000000914588b8,0x0000000095600000)
 Metaspace       used 20980K, capacity 21160K, committed 21296K, reserved 1067008K
  class space    used 2754K, capacity 2842K, committed 2864K, reserved 1048576K
}
Event: 9.782 GC heap before
{Heap before GC invocations=6 (full 1):
 PSYoungGen      total 62976K, used 4588K [0x00000000dae80000, 0x00000000e3380000, 0x0000000100000000)
  eden space 58368K, 0% used [0x00000000dae80000,0x00000000dae80000,0x00000000de780000)
  from space 4608K, 99% used [0x00000000de780000,0x00000000debfb0b8,0x00000000dec00000)
  to   space 9728K, 0% used [0x00000000e2a00000,0x00000000e2a00000,0x00000000e3380000)
 ParOldGen       total 75776K, used 8546K [0x0000000090c00000, 0x0000000095600000, 0x00000000dae80000)
  object space 75776K, 11% used [0x0000000090c00000,0x00000000914588b8,0x0000000095600000)
 Metaspace       used 20980K, capacity 21160K, committed 21296K, reserved 1067008K
  class space    used 2754K, capacity 2842K, committed 2864K, reserved 1048576K

