# JRE version: Java(TM) SE Runtime Environment (8.0-b113) (build 1.8.0-ea-b113)
# Java VM: Java HotSpot(TM) 64-Bit Server VM (25.0-b55 mixed mode windows-amd64 compressed oops)
Heap:
 PSYoungGen      total 124928K, used 7100K [0x00000000dae80000, 0x00000000ea180000, 0x0000000100000000)
  eden space 112640K, 0% used [0x00000000dae80000,0x00000000dae80000,0x00000000e1c80000)
  from space 12288K, 57% used [0x00000000e1c80000,0x00000000e236f000,0x00000000e2880000)
  to   space 11776K, 0% used [0x00000000e9600000,0x00000000e9600000,0x00000000ea180000)
 ParOldGen       total 75776K, used 11435K [0x0000000090c00000, 0x0000000095600000, 0x00000000dae80000)
  object space 75776K, 15% used [0x0000000090c00000,0x000000009172ae48,0x0000000095600000)
 Metaspace       used 20873K, capacity 21128K, committed 21296K, reserved 1067008K
  class space    used 2728K, capacity 2848K, committed 2864K, reserved 1048576K
GC Heap History (10 events):
Event: 2.113 GC heap after
Heap after GC invocations=3 (full 0):
 PSYoungGen      total 33792K, used 4016K [0x00000000dae80000, 0x00000000df080000, 0x0000000100000000)
  eden space 29184K, 0% used [0x00000000dae80000,0x00000000dae80000,0x00000000dcb00000)
  from space 4608K, 87% used [0x00000000dcb00000,0x00000000dceec010,0x00000000dcf80000)
  to   space 4608K, 0% used [0x00000000dec00000,0x00000000dec00000,0x00000000df080000)
 ParOldGen       total 75776K, used 325K [0x0000000090c00000, 0x0000000095600000, 0x00000000dae80000)
  object space 75776K, 0% used [0x0000000090c00000,0x0000000090c515e8,0x0000000095600000)
 Metaspace       used 8605K, capacity 8712K, committed 8960K, reserved 1056768K
  class space    used 960K, capacity 982K, committed 1024K, reserved 1048576K
}
Event: 2.240 GC heap before
{Heap before GC invocations=4 (full 0):
 PSYoungGen      total 33792K, used 33200K [0x00000000dae80000, 0x00000000df080000, 0x0000000100000000)
  eden space 29184K, 100% used [0x00000000dae80000,0x00000000dcb00000,0x00000000dcb00000)
  from space 4608K, 87% used [0x00000000dcb00000,0x00000000dceec010,0x00000000dcf80000)
  to   space 4608K, 0% used [0x00000000dec00000,0x00000000dec00000,0x00000000df080000)
 ParOldGen       total 75776K, used 325K [0x0000000090c00000, 0x0000000095600000, 0x00000000dae80000)
  object space 75776K, 0% used [0x0000000090c00000,0x0000000090c515e8,0x0000000095600000)
 Metaspace       used 8623K, capacity 8724K, committed 8960K, reserved 1056768K
  class space    used 961K, capacity 984K, committed 1024K, reserved 1048576K
Event: 2.249 GC heap after
Heap after GC invocations=4 (full 0):
 PSYoungGen      total 62976K, used 4576K [0x00000000dae80000, 0x00000000df080000, 0x0000000100000000)
  eden space 58368K, 0% used [0x00000000dae80000,0x00000000dae80000,0x00000000de780000)
  from space 4608K, 99% used [0x00000000dec00000,0x00000000df078020,0x00000000df080000)
  to   space 4608K, 0% used [0x00000000de780000,0x00000000de780000,0x00000000dec00000)
 ParOldGen       total 75776K, used 677K [0x0000000090c00000, 0x0000000095600000, 0x00000000dae80000)
  object space 75776K, 0% used [0x0000000090c00000,0x0000000090ca95e8,0x0000000095600000)
 Metaspace       used 8623K, capacity 8724K, committed 8960K, reserved 1056768K
  class space    used 961K, capacity 984K, committed 1024K, reserved 1048576K
}
Event: 2.900 GC heap before
{Heap before GC invocations=5 (full 0):
 PSYoungGen      total 62976K, used 62944K [0x00000000dae80000, 0x00000000df080000, 0x0000000100000000)
  eden space 58368K, 100% used [0x00000000dae80000,0x00000000de780000,0x00000000de780000)
  from space 4608K, 99% used [0x00000000dec00000,0x00000000df078020,0x00000000df080000)
  to   space 4608K, 0% used [0x00000000de780000,0x00000000de780000,0x00000000dec00000)
 ParOldGen       total 75776K, used 677K [0x0000000090c00000, 0x0000000095600000, 0x00000000dae80000)
  object space 75776K, 0% used [0x0000000090c00000,0x0000000090ca95e8,0x0000000095600000)
 Metaspace       used 11302K, capacity 11380K, committed 11648K, reserved 1058816K
  class space    used 1329K, capacity 1336K, committed 1408K, reserved 1048576K
Event: 2.919 GC heap after
Heap after GC invocations=5 (full 0):
 PSYoungGen      total 62976K, used 4608K [0x00000000dae80000, 0x00000000e3080000, 0x0000000100000000)
  eden space 58368K, 0% used [0x00000000dae80000,0x00000000dae80000,0x00000000de780000)
  from space 4608K, 100% used [0x00000000de780000,0x00000000dec00000,0x00000000dec00000)
  to   space 8192K, 0% used [0x00000000e2880000,0x00000000e2880000,0x00000000e3080000)
 ParOldGen       total 75776K, used 4094K [0x0000000090c00000, 0x0000000095600000, 0x00000000dae80000)
  object space 75776K, 5% used [0x0000000090c00000,0x0000000090fff9e8,0x0000000095600000)
 Metaspace       used 11302K, capacity 11380K, committed 11648K, reserved 1058816K
  class space    used 1329K, capacity 1336K, committed 1408K, reserved 1048576K
}
Event: 5.655 GC heap before
{Heap before GC invocations=6 (full 0):
 PSYoungGen      total 62976K, used 62976K [0x00000000dae80000, 0x00000000e3080000, 0x0000000100000000)
  eden space 58368K, 100% used [0x00000000dae80000,0x00000000de780000,0x00000000de780000)
  from space 4608K, 100% used [0x00000000de780000,0x00000000dec00000,0x00000000dec00000)
  to   space 8192K, 0% used [0x00000000e2880000,0x00000000e2880000,0x00000000e3080000)
 ParOldGen       total 75776K, used 4094K [0x0000000090c00000, 0x0000000095600000, 0x00000000dae80000)
  object space 75776K, 5% used [0x0000000090c00000,0x0000000090fff9e8,0x0000000095600000)
 Metaspace       used 19832K, capacity 20034K, committed 20352K, reserved 1067008K
  class space    used 2568K, capacity 2653K, committed 2688K, reserved 1048576K
Event: 5.678 GC heap after
Heap after GC invocations=6 (full 0):
 PSYoungGen      total 120832K, used 8183K [0x00000000dae80000, 0x00000000e3880000, 0x0000000100000000)
  eden space 112640K, 0% used [0x00000000dae80000,0x00000000dae80000,0x00000000e1c80000)
  from space 8192K, 99% used [0x00000000e2880000,0x00000000e307dd40,0x00000000e3080000)
  to   space 12288K, 0% used [0x00000000e1c80000,0x00000000e1c80000,0x00000000e2880000)
 ParOldGen       total 75776K, used 9169K [0x0000000090c00000, 0x0000000095600000, 0x00000000dae80000)
  object space 75776K, 12% used [0x0000000090c00000,0x00000000914f4588,0x0000000095600000)
 Metaspace       used 19832K, capacity 20034K, committed 20352K, reserved 1067008K
  class space    used 2568K, capacity 2653K, committed 2688K, reserved 1048576K
}
Event: 5.867 GC heap before
{Heap before GC invocations=7 (full 0):
 PSYoungGen      total 120832K, used 16156K [0x00000000dae80000, 0x00000000e3880000, 0x0000000100000000)
  eden space 112640K, 7% used [0x00000000dae80000,0x00000000db649408,0x00000000e1c80000)
  from space 8192K, 99% used [0x00000000e2880000,0x00000000e307dd40,0x00000000e3080000)
  to   space 12288K, 0% used [0x00000000e1c80000,0x00000000e1c80000,0x00000000e2880000)
 ParOldGen       total 75776K, used 9169K [0x0000000090c00000, 0x0000000095600000, 0x00000000dae80000)
  object space 75776K, 12% used [0x0000000090c00000,0x00000000914f4588,0x0000000095600000)
 Metaspace       used 20873K, capacity 21128K, committed 21296K, reserved 1067008K
  class space    used 2728K, capacity 2848K, committed 2864K, reserved 1048576K
Event: 5.886 GC heap after
Heap after GC invocations=7 (full 0):
 PSYoungGen      total 124928K, used 7100K [0x00000000dae80000, 0x00000000ea180000, 0x0000000100000000)
  eden space 112640K, 0% used [0x00000000dae80000,0x00000000dae80000,0x00000000e1c80000)
  from space 12288K, 57% used [0x00000000e1c80000,0x00000000e236f000,0x00000000e2880000)
  to   space 11776K, 0% used [0x00000000e9600000,0x00000000e9600000,0x00000000ea180000)
 ParOldGen       total 75776K, used 11435K [0x0000000090c00000, 0x0000000095600000, 0x00000000dae80000)
  object space 75776K, 15% used [0x0000000090c00000,0x000000009172ae48,0x0000000095600000)
 Metaspace       used 20873K, capacity 21128K, committed 21296K, reserved 1067008K
  class space    used 2728K, capacity 2848K, committed 2864K, reserved 1048576K
}
Event: 5.886 GC heap before
{Heap before GC invocations=8 (full 1):
 PSYoungGen      total 124928K, used 7100K [0x00000000dae80000, 0x00000000ea180000, 0x0000000100000000)
  eden space 112640K, 0% used [0x00000000dae80000,0x00000000dae80000,0x00000000e1c80000)
  from space 12288K, 57% used [0x00000000e1c80000,0x00000000e236f000,0x00000000e2880000)
  to   space 11776K, 0% used [0x00000000e9600000,0x00000000e9600000,0x00000000ea180000)
 ParOldGen       total 75776K, used 11435K [0x0000000090c00000, 0x0000000095600000, 0x00000000dae80000)
  object space 75776K, 15% used [0x0000000090c00000,0x000000009172ae48,0x0000000095600000)
 Metaspace       used 20873K, capacity 21128K, committed 21296K, reserved 1067008K
  class space    used 2728K, capacity 2848K, committed 2864K, reserved 1048576K

