# JRE version: Java(TM) SE Runtime Environment (8.0-b113) (build 1.8.0-ea-b113)
# Java VM: Java HotSpot(TM) 64-Bit Server VM (25.0-b55 mixed mode windows-amd64 compressed oops)
Heap:
 PSYoungGen      total 124416K, used 7372K [0x00000000dae80000, 0x00000000ea080000, 0x0000000100000000)
  eden space 112128K, 0% used [0x00000000dae80000,0x00000000dae80000,0x00000000e1c00000)
  from space 12288K, 59% used [0x00000000e1c00000,0x00000000e2333010,0x00000000e2800000)
  to   space 11776K, 0% used [0x00000000e9500000,0x00000000e9500000,0x00000000ea080000)
 ParOldGen       total 75776K, used 11053K [0x0000000090c00000, 0x0000000095600000, 0x00000000dae80000)
  object space 75776K, 14% used [0x0000000090c00000,0x00000000916cb458,0x0000000095600000)
 Metaspace       used 20953K, capacity 21192K, committed 21296K, reserved 1067008K
  class space    used 2732K, capacity 2848K, committed 2864K, reserved 1048576K
GC Heap History (10 events):
Event: 2.203 GC heap after
Heap after GC invocations=3 (full 0):
 PSYoungGen      total 33792K, used 3952K [0x00000000dae80000, 0x00000000df080000, 0x0000000100000000)
  eden space 29184K, 0% used [0x00000000dae80000,0x00000000dae80000,0x00000000dcb00000)
  from space 4608K, 85% used [0x00000000dcb00000,0x00000000dcedc010,0x00000000dcf80000)
  to   space 4608K, 0% used [0x00000000dec00000,0x00000000dec00000,0x00000000df080000)
 ParOldGen       total 75776K, used 262K [0x0000000090c00000, 0x0000000095600000, 0x00000000dae80000)
  object space 75776K, 0% used [0x0000000090c00000,0x0000000090c41810,0x0000000095600000)
 Metaspace       used 8604K, capacity 8712K, committed 8960K, reserved 1056768K
  class space    used 960K, capacity 982K, committed 1024K, reserved 1048576K
}
Event: 2.334 GC heap before
{Heap before GC invocations=4 (full 0):
 PSYoungGen      total 33792K, used 33136K [0x00000000dae80000, 0x00000000df080000, 0x0000000100000000)
  eden space 29184K, 100% used [0x00000000dae80000,0x00000000dcb00000,0x00000000dcb00000)
  from space 4608K, 85% used [0x00000000dcb00000,0x00000000dcedc010,0x00000000dcf80000)
  to   space 4608K, 0% used [0x00000000dec00000,0x00000000dec00000,0x00000000df080000)
 ParOldGen       total 75776K, used 262K [0x0000000090c00000, 0x0000000095600000, 0x00000000dae80000)
  object space 75776K, 0% used [0x0000000090c00000,0x0000000090c41810,0x0000000095600000)
 Metaspace       used 8622K, capacity 8724K, committed 8960K, reserved 1056768K
  class space    used 961K, capacity 984K, committed 1024K, reserved 1048576K
Event: 2.349 GC heap after
Heap after GC invocations=4 (full 0):
 PSYoungGen      total 62976K, used 4576K [0x00000000dae80000, 0x00000000df080000, 0x0000000100000000)
  eden space 58368K, 0% used [0x00000000dae80000,0x00000000dae80000,0x00000000de780000)
  from space 4608K, 99% used [0x00000000dec00000,0x00000000df078020,0x00000000df080000)
  to   space 4608K, 0% used [0x00000000de780000,0x00000000de780000,0x00000000dec00000)
 ParOldGen       total 75776K, used 518K [0x0000000090c00000, 0x0000000095600000, 0x00000000dae80000)
  object space 75776K, 0% used [0x0000000090c00000,0x0000000090c81810,0x0000000095600000)
 Metaspace       used 8622K, capacity 8724K, committed 8960K, reserved 1056768K
  class space    used 961K, capacity 984K, committed 1024K, reserved 1048576K
}
Event: 3.113 GC heap before
{Heap before GC invocations=5 (full 0):
 PSYoungGen      total 62976K, used 62944K [0x00000000dae80000, 0x00000000df080000, 0x0000000100000000)
  eden space 58368K, 100% used [0x00000000dae80000,0x00000000de780000,0x00000000de780000)
  from space 4608K, 99% used [0x00000000dec00000,0x00000000df078020,0x00000000df080000)
  to   space 4608K, 0% used [0x00000000de780000,0x00000000de780000,0x00000000dec00000)
 ParOldGen       total 75776K, used 518K [0x0000000090c00000, 0x0000000095600000, 0x00000000dae80000)
  object space 75776K, 0% used [0x0000000090c00000,0x0000000090c81810,0x0000000095600000)
 Metaspace       used 11146K, capacity 11252K, committed 11392K, reserved 1058816K
  class space    used 1307K, capacity 1336K, committed 1408K, reserved 1048576K
Event: 3.129 GC heap after
Heap after GC invocations=5 (full 0):
 PSYoungGen      total 62976K, used 4576K [0x00000000dae80000, 0x00000000e2f80000, 0x0000000100000000)
  eden space 58368K, 0% used [0x00000000dae80000,0x00000000dae80000,0x00000000de780000)
  from space 4608K, 99% used [0x00000000de780000,0x00000000debf8020,0x00000000dec00000)
  to   space 7680K, 0% used [0x00000000e2800000,0x00000000e2800000,0x00000000e2f80000)
 ParOldGen       total 75776K, used 3868K [0x0000000090c00000, 0x0000000095600000, 0x00000000dae80000)
  object space 75776K, 5% used [0x0000000090c00000,0x0000000090fc7148,0x0000000095600000)
 Metaspace       used 11146K, capacity 11252K, committed 11392K, reserved 1058816K
  class space    used 1307K, capacity 1336K, committed 1408K, reserved 1048576K
}
Event: 5.709 GC heap before
{Heap before GC invocations=6 (full 0):
 PSYoungGen      total 62976K, used 62944K [0x00000000dae80000, 0x00000000e2f80000, 0x0000000100000000)
  eden space 58368K, 100% used [0x00000000dae80000,0x00000000de780000,0x00000000de780000)
  from space 4608K, 99% used [0x00000000de780000,0x00000000debf8020,0x00000000dec00000)
  to   space 7680K, 0% used [0x00000000e2800000,0x00000000e2800000,0x00000000e2f80000)
 ParOldGen       total 75776K, used 3868K [0x0000000090c00000, 0x0000000095600000, 0x00000000dae80000)
  object space 75776K, 5% used [0x0000000090c00000,0x0000000090fc7148,0x0000000095600000)
 Metaspace       used 19538K, capacity 19798K, committed 20096K, reserved 1067008K
  class space    used 2522K, capacity 2615K, committed 2688K, reserved 1048576K
Event: 5.745 GC heap after
Heap after GC invocations=6 (full 0):
 PSYoungGen      total 119808K, used 7655K [0x00000000dae80000, 0x00000000e3880000, 0x0000000100000000)
  eden space 112128K, 0% used [0x00000000dae80000,0x00000000dae80000,0x00000000e1c00000)
  from space 7680K, 99% used [0x00000000e2800000,0x00000000e2f79cb0,0x00000000e2f80000)
  to   space 12288K, 0% used [0x00000000e1c00000,0x00000000e1c00000,0x00000000e2800000)
 ParOldGen       total 75776K, used 9404K [0x0000000090c00000, 0x0000000095600000, 0x00000000dae80000)
  object space 75776K, 12% used [0x0000000090c00000,0x000000009152f3f0,0x0000000095600000)
 Metaspace       used 19538K, capacity 19798K, committed 20096K, reserved 1067008K
  class space    used 2522K, capacity 2615K, committed 2688K, reserved 1048576K
}
Event: 6.457 GC heap before
{Heap before GC invocations=7 (full 0):
 PSYoungGen      total 119808K, used 18760K [0x00000000dae80000, 0x00000000e3880000, 0x0000000100000000)
  eden space 112128K, 9% used [0x00000000dae80000,0x00000000db958520,0x00000000e1c00000)
  from space 7680K, 99% used [0x00000000e2800000,0x00000000e2f79cb0,0x00000000e2f80000)
  to   space 12288K, 0% used [0x00000000e1c00000,0x00000000e1c00000,0x00000000e2800000)
 ParOldGen       total 75776K, used 9404K [0x0000000090c00000, 0x0000000095600000, 0x00000000dae80000)
  object space 75776K, 12% used [0x0000000090c00000,0x000000009152f3f0,0x0000000095600000)
 Metaspace       used 20953K, capacity 21192K, committed 21296K, reserved 1067008K
  class space    used 2732K, capacity 2848K, committed 2864K, reserved 1048576K
Event: 6.483 GC heap after
Heap after GC invocations=7 (full 0):
 PSYoungGen      total 124416K, used 7372K [0x00000000dae80000, 0x00000000ea080000, 0x0000000100000000)
  eden space 112128K, 0% used [0x00000000dae80000,0x00000000dae80000,0x00000000e1c00000)
  from space 12288K, 59% used [0x00000000e1c00000,0x00000000e2333010,0x00000000e2800000)
  to   space 11776K, 0% used [0x00000000e9500000,0x00000000e9500000,0x00000000ea080000)
 ParOldGen       total 75776K, used 11053K [0x0000000090c00000, 0x0000000095600000, 0x00000000dae80000)
  object space 75776K, 14% used [0x0000000090c00000,0x00000000916cb458,0x0000000095600000)
 Metaspace       used 20953K, capacity 21192K, committed 21296K, reserved 1067008K
  class space    used 2732K, capacity 2848K, committed 2864K, reserved 1048576K
}
Event: 6.483 GC heap before
{Heap before GC invocations=8 (full 1):
 PSYoungGen      total 124416K, used 7372K [0x00000000dae80000, 0x00000000ea080000, 0x0000000100000000)
  eden space 112128K, 0% used [0x00000000dae80000,0x00000000dae80000,0x00000000e1c00000)
  from space 12288K, 59% used [0x00000000e1c00000,0x00000000e2333010,0x00000000e2800000)
  to   space 11776K, 0% used [0x00000000e9500000,0x00000000e9500000,0x00000000ea080000)
 ParOldGen       total 75776K, used 11053K [0x0000000090c00000, 0x0000000095600000, 0x00000000dae80000)
  object space 75776K, 14% used [0x0000000090c00000,0x00000000916cb458,0x0000000095600000)
 Metaspace       used 20953K, capacity 21192K, committed 21296K, reserved 1067008K
  class space    used 2732K, capacity 2848K, committed 2864K, reserved 1048576K

