# JRE version: Java(TM) SE Runtime Environment (8.0-b113) (build 1.8.0-ea-b113)
# Java VM: Java HotSpot(TM) 64-Bit Server VM (25.0-b55 mixed mode windows-amd64 compressed oops)
Heap:
 PSYoungGen      total 121344K, used 4594K [0x00000000dae80000, 0x00000000e2980000, 0x0000000100000000)
  eden space 116736K, 0% used [0x00000000dae80000,0x00000000dae80000,0x00000000e2080000)
  from space 4608K, 99% used [0x00000000e2500000,0x00000000e297cb40,0x00000000e2980000)
  to   space 4608K, 0% used [0x00000000e2080000,0x00000000e2080000,0x00000000e2500000)
 ParOldGen       total 75776K, used 8699K [0x0000000090c00000, 0x0000000095600000, 0x00000000dae80000)
  object space 75776K, 11% used [0x0000000090c00000,0x000000009147ed60,0x0000000095600000)
 Metaspace       used 20986K, capacity 21162K, committed 21296K, reserved 1067008K
  class space    used 2752K, capacity 2843K, committed 2864K, reserved 1048576K
GC Heap History (9 events):
Event: 1.589 GC heap before
{Heap before GC invocations=1 (full 0):
 PSYoungGen      total 33792K, used 29184K [0x00000000dae80000, 0x00000000dd400000, 0x0000000100000000)
  eden space 29184K, 100% used [0x00000000dae80000,0x00000000dcb00000,0x00000000dcb00000)
  from space 4608K, 0% used [0x00000000dcf80000,0x00000000dcf80000,0x00000000dd400000)
  to   space 4608K, 0% used [0x00000000dcb00000,0x00000000dcb00000,0x00000000dcf80000)
 ParOldGen       total 75776K, used 0K [0x0000000090c00000, 0x0000000095600000, 0x00000000dae80000)
  object space 75776K, 0% used [0x0000000090c00000,0x0000000090c00000,0x0000000095600000)
 Metaspace       used 8483K, capacity 8584K, committed 8704K, reserved 1056768K
  class space    used 959K, capacity 982K, committed 1024K, reserved 1048576K
Event: 1.606 GC heap after
Heap after GC invocations=1 (full 0):
 PSYoungGen      total 33792K, used 4597K [0x00000000dae80000, 0x00000000df080000, 0x0000000100000000)
  eden space 29184K, 0% used [0x00000000dae80000,0x00000000dae80000,0x00000000dcb00000)
  from space 4608K, 99% used [0x00000000dcb00000,0x00000000dcf7d7c0,0x00000000dcf80000)
  to   space 4608K, 0% used [0x00000000dec00000,0x00000000dec00000,0x00000000df080000)
 ParOldGen       total 75776K, used 174K [0x0000000090c00000, 0x0000000095600000, 0x00000000dae80000)
  object space 75776K, 0% used [0x0000000090c00000,0x0000000090c2ba88,0x0000000095600000)
 Metaspace       used 8483K, capacity 8584K, committed 8704K, reserved 1056768K
  class space    used 959K, capacity 982K, committed 1024K, reserved 1048576K
}
Event: 2.353 GC heap before
{Heap before GC invocations=2 (full 0):
 PSYoungGen      total 33792K, used 33781K [0x00000000dae80000, 0x00000000df080000, 0x0000000100000000)
  eden space 29184K, 100% used [0x00000000dae80000,0x00000000dcb00000,0x00000000dcb00000)
  from space 4608K, 99% used [0x00000000dcb00000,0x00000000dcf7d7c0,0x00000000dcf80000)
  to   space 4608K, 0% used [0x00000000dec00000,0x00000000dec00000,0x00000000df080000)
 ParOldGen       total 75776K, used 174K [0x0000000090c00000, 0x0000000095600000, 0x00000000dae80000)
  object space 75776K, 0% used [0x0000000090c00000,0x0000000090c2ba88,0x0000000095600000)
 Metaspace       used 11919K, capacity 12072K, committed 12288K, reserved 1060864K
  class space    used 1399K, capacity 1462K, committed 1536K, reserved 1048576K
Event: 2.368 GC heap after
Heap after GC invocations=2 (full 0):
 PSYoungGen      total 62976K, used 4593K [0x00000000dae80000, 0x00000000df080000, 0x0000000100000000)
  eden space 58368K, 0% used [0x00000000dae80000,0x00000000dae80000,0x00000000de780000)
  from space 4608K, 99% used [0x00000000dec00000,0x00000000df07c5a0,0x00000000df080000)
  to   space 4608K, 0% used [0x00000000de780000,0x00000000de780000,0x00000000dec00000)
 ParOldGen       total 75776K, used 1156K [0x0000000090c00000, 0x0000000095600000, 0x00000000dae80000)
  object space 75776K, 1% used [0x0000000090c00000,0x0000000090d210a0,0x0000000095600000)
 Metaspace       used 11919K, capacity 12072K, committed 12288K, reserved 1060864K
  class space    used 1399K, capacity 1462K, committed 1536K, reserved 1048576K
}
Event: 6.122 GC heap before
{Heap before GC invocations=3 (full 0):
 PSYoungGen      total 62976K, used 62961K [0x00000000dae80000, 0x00000000df080000, 0x0000000100000000)
  eden space 58368K, 100% used [0x00000000dae80000,0x00000000de780000,0x00000000de780000)
  from space 4608K, 99% used [0x00000000dec00000,0x00000000df07c5a0,0x00000000df080000)
  to   space 4608K, 0% used [0x00000000de780000,0x00000000de780000,0x00000000dec00000)
 ParOldGen       total 75776K, used 1156K [0x0000000090c00000, 0x0000000095600000, 0x00000000dae80000)
  object space 75776K, 1% used [0x0000000090c00000,0x0000000090d210a0,0x0000000095600000)
 Metaspace       used 20914K, capacity 21162K, committed 21296K, reserved 1067008K
  class space    used 2744K, capacity 2843K, committed 2864K, reserved 1048576K
Event: 6.156 GC heap after
Heap after GC invocations=3 (full 0):
 PSYoungGen      total 62976K, used 4578K [0x00000000dae80000, 0x00000000e2980000, 0x0000000100000000)
  eden space 58368K, 0% used [0x00000000dae80000,0x00000000dae80000,0x00000000de780000)
  from space 4608K, 99% used [0x00000000de780000,0x00000000debf8b70,0x00000000dec00000)
  to   space 4608K, 0% used [0x00000000e2500000,0x00000000e2500000,0x00000000e2980000)
 ParOldGen       total 75776K, used 8667K [0x0000000090c00000, 0x0000000095600000, 0x00000000dae80000)
  object space 75776K, 11% used [0x0000000090c00000,0x0000000091476df8,0x0000000095600000)
 Metaspace       used 20914K, capacity 21162K, committed 21296K, reserved 1067008K
  class space    used 2744K, capacity 2843K, committed 2864K, reserved 1048576K
}
Event: 12.611 GC heap before
{Heap before GC invocations=4 (full 0):
 PSYoungGen      total 62976K, used 5673K [0x00000000dae80000, 0x00000000e2980000, 0x0000000100000000)
  eden space 58368K, 1% used [0x00000000dae80000,0x00000000daf918a0,0x00000000de780000)
  from space 4608K, 99% used [0x00000000de780000,0x00000000debf8b70,0x00000000dec00000)
  to   space 4608K, 0% used [0x00000000e2500000,0x00000000e2500000,0x00000000e2980000)
 ParOldGen       total 75776K, used 8667K [0x0000000090c00000, 0x0000000095600000, 0x00000000dae80000)
  object space 75776K, 11% used [0x0000000090c00000,0x0000000091476df8,0x0000000095600000)
 Metaspace       used 20986K, capacity 21162K, committed 21296K, reserved 1067008K
  class space    used 2752K, capacity 2843K, committed 2864K, reserved 1048576K
Event: 12.637 GC heap after
Heap after GC invocations=4 (full 0):
 PSYoungGen      total 121344K, used 4594K [0x00000000dae80000, 0x00000000e2980000, 0x0000000100000000)
  eden space 116736K, 0% used [0x00000000dae80000,0x00000000dae80000,0x00000000e2080000)
  from space 4608K, 99% used [0x00000000e2500000,0x00000000e297cb40,0x00000000e2980000)
  to   space 4608K, 0% used [0x00000000e2080000,0x00000000e2080000,0x00000000e2500000)
 ParOldGen       total 75776K, used 8699K [0x0000000090c00000, 0x0000000095600000, 0x00000000dae80000)
  object space 75776K, 11% used [0x0000000090c00000,0x000000009147ed60,0x0000000095600000)
 Metaspace       used 20986K, capacity 21162K, committed 21296K, reserved 1067008K
  class space    used 2752K, capacity 2843K, committed 2864K, reserved 1048576K
}
Event: 12.638 GC heap before
{Heap before GC invocations=5 (full 1):
 PSYoungGen      total 121344K, used 4594K [0x00000000dae80000, 0x00000000e2980000, 0x0000000100000000)
  eden space 116736K, 0% used [0x00000000dae80000,0x00000000dae80000,0x00000000e2080000)
  from space 4608K, 99% used [0x00000000e2500000,0x00000000e297cb40,0x00000000e2980000)
  to   space 4608K, 0% used [0x00000000e2080000,0x00000000e2080000,0x00000000e2500000)
 ParOldGen       total 75776K, used 8699K [0x0000000090c00000, 0x0000000095600000, 0x00000000dae80000)
  object space 75776K, 11% used [0x0000000090c00000,0x000000009147ed60,0x0000000095600000)
 Metaspace       used 20986K, capacity 21162K, committed 21296K, reserved 1067008K
  class space    used 2752K, capacity 2843K, committed 2864K, reserved 1048576K

