# JRE version: Java(TM) SE Runtime Environment (8.0-b113) (build 1.8.0-ea-b113)
# Java VM: Java HotSpot(TM) 64-Bit Server VM (25.0-b55 mixed mode windows-amd64 compressed oops)
Heap:
 PSYoungGen      total 62976K, used 4592K [0x00000000dae80000, 0x00000000e3580000, 0x0000000100000000)
  eden space 58368K, 0% used [0x00000000dae80000,0x00000000dae80000,0x00000000de780000)
  from space 4608K, 99% used [0x00000000de780000,0x00000000debfc0a0,0x00000000dec00000)
  to   space 10752K, 0% used [0x00000000e2b00000,0x00000000e2b00000,0x00000000e3580000)
 ParOldGen       total 75776K, used 10403K [0x0000000090c00000, 0x0000000095600000, 0x00000000dae80000)
  object space 75776K, 13% used [0x0000000090c00000,0x0000000091628c38,0x0000000095600000)
 Metaspace       used 20913K, capacity 21162K, committed 21296K, reserved 1067008K
  class space    used 2742K, capacity 2843K, committed 2864K, reserved 1048576K
GC Heap History (10 events):
Event: 1.573 GC heap after
Heap after GC invocations=1 (full 0):
 PSYoungGen      total 33792K, used 4596K [0x00000000dae80000, 0x00000000dd400000, 0x0000000100000000)
  eden space 29184K, 0% used [0x00000000dae80000,0x00000000dae80000,0x00000000dcb00000)
  from space 4608K, 99% used [0x00000000dcb00000,0x00000000dcf7d098,0x00000000dcf80000)
  to   space 4608K, 0% used [0x00000000dcf80000,0x00000000dcf80000,0x00000000dd400000)
 ParOldGen       total 75776K, used 174K [0x0000000090c00000, 0x0000000095600000, 0x00000000dae80000)
  object space 75776K, 0% used [0x0000000090c00000,0x0000000090c2ba88,0x0000000095600000)
 Metaspace       used 8478K, capacity 8584K, committed 8704K, reserved 1056768K
  class space    used 959K, capacity 982K, committed 1024K, reserved 1048576K
}
Event: 1.883 GC heap before
{Heap before GC invocations=2 (full 0):
 PSYoungGen      total 33792K, used 33780K [0x00000000dae80000, 0x00000000dd400000, 0x0000000100000000)
  eden space 29184K, 100% used [0x00000000dae80000,0x00000000dcb00000,0x00000000dcb00000)
  from space 4608K, 99% used [0x00000000dcb00000,0x00000000dcf7d098,0x00000000dcf80000)
  to   space 4608K, 0% used [0x00000000dcf80000,0x00000000dcf80000,0x00000000dd400000)
 ParOldGen       total 75776K, used 174K [0x0000000090c00000, 0x0000000095600000, 0x00000000dae80000)
  object space 75776K, 0% used [0x0000000090c00000,0x0000000090c2ba88,0x0000000095600000)
 Metaspace       used 9211K, capacity 9320K, committed 9600K, reserved 1058816K
  class space    used 1034K, capacity 1078K, committed 1152K, reserved 1048576K
Event: 1.891 GC heap after
Heap after GC invocations=2 (full 0):
 PSYoungGen      total 33792K, used 3534K [0x00000000dae80000, 0x00000000df080000, 0x0000000100000000)
  eden space 29184K, 0% used [0x00000000dae80000,0x00000000dae80000,0x00000000dcb00000)
  from space 4608K, 76% used [0x00000000dcf80000,0x00000000dd2f3ac8,0x00000000dd400000)
  to   space 4608K, 0% used [0x00000000dcb00000,0x00000000dcb00000,0x00000000dcf80000)
 ParOldGen       total 75776K, used 182K [0x0000000090c00000, 0x0000000095600000, 0x00000000dae80000)
  object space 75776K, 0% used [0x0000000090c00000,0x0000000090c2da88,0x0000000095600000)
 Metaspace       used 9211K, capacity 9320K, committed 9600K, reserved 1058816K
  class space    used 1034K, capacity 1078K, committed 1152K, reserved 1048576K
}
Event: 2.743 GC heap before
{Heap before GC invocations=3 (full 0):
 PSYoungGen      total 33792K, used 32718K [0x00000000dae80000, 0x00000000df080000, 0x0000000100000000)
  eden space 29184K, 100% used [0x00000000dae80000,0x00000000dcb00000,0x00000000dcb00000)
  from space 4608K, 76% used [0x00000000dcf80000,0x00000000dd2f3ac8,0x00000000dd400000)
  to   space 4608K, 0% used [0x00000000dcb00000,0x00000000dcb00000,0x00000000dcf80000)
 ParOldGen       total 75776K, used 182K [0x0000000090c00000, 0x0000000095600000, 0x00000000dae80000)
  object space 75776K, 0% used [0x0000000090c00000,0x0000000090c2da88,0x0000000095600000)
 Metaspace       used 13047K, capacity 13192K, committed 13440K, reserved 1060864K
  class space    used 1579K, capacity 1622K, committed 1664K, reserved 1048576K
Event: 2.762 GC heap after
Heap after GC invocations=3 (full 0):
 PSYoungGen      total 33792K, used 4581K [0x00000000dae80000, 0x00000000df080000, 0x0000000100000000)
  eden space 29184K, 0% used [0x00000000dae80000,0x00000000dae80000,0x00000000dcb00000)
  from space 4608K, 99% used [0x00000000dcb00000,0x00000000dcf796b0,0x00000000dcf80000)
  to   space 4608K, 0% used [0x00000000dec00000,0x00000000dec00000,0x00000000df080000)
 ParOldGen       total 75776K, used 3606K [0x0000000090c00000, 0x0000000095600000, 0x00000000dae80000)
  object space 75776K, 4% used [0x0000000090c00000,0x0000000090f85ae8,0x0000000095600000)
 Metaspace       used 13047K, capacity 13192K, committed 13440K, reserved 1060864K
  class space    used 1579K, capacity 1622K, committed 1664K, reserved 1048576K
}
Event: 3.855 GC heap before
{Heap before GC invocations=4 (full 0):
 PSYoungGen      total 33792K, used 33765K [0x00000000dae80000, 0x00000000df080000, 0x0000000100000000)
  eden space 29184K, 100% used [0x00000000dae80000,0x00000000dcb00000,0x00000000dcb00000)
  from space 4608K, 99% used [0x00000000dcb00000,0x00000000dcf796b0,0x00000000dcf80000)
  to   space 4608K, 0% used [0x00000000dec00000,0x00000000dec00000,0x00000000df080000)
 ParOldGen       total 75776K, used 3606K [0x0000000090c00000, 0x0000000095600000, 0x00000000dae80000)
  object space 75776K, 4% used [0x0000000090c00000,0x0000000090f85ae8,0x0000000095600000)
 Metaspace       used 18534K, capacity 18762K, committed 18944K, reserved 1064960K
  class space    used 2373K, capacity 2465K, committed 2560K, reserved 1048576K
Event: 3.877 GC heap after
Heap after GC invocations=4 (full 0):
 PSYoungGen      total 62976K, used 4594K [0x00000000dae80000, 0x00000000df080000, 0x0000000100000000)
  eden space 58368K, 0% used [0x00000000dae80000,0x00000000dae80000,0x00000000de780000)
  from space 4608K, 99% used [0x00000000dec00000,0x00000000df07cb10,0x00000000df080000)
  to   space 4608K, 0% used [0x00000000de780000,0x00000000de780000,0x00000000dec00000)
 ParOldGen       total 75776K, used 7859K [0x0000000090c00000, 0x0000000095600000, 0x00000000dae80000)
  object space 75776K, 10% used [0x0000000090c00000,0x00000000913ace28,0x0000000095600000)
 Metaspace       used 18534K, capacity 18762K, committed 18944K, reserved 1064960K
  class space    used 2373K, capacity 2465K, committed 2560K, reserved 1048576K
}
Event: 5.263 GC heap before
{Heap before GC invocations=5 (full 0):
 PSYoungGen      total 62976K, used 25047K [0x00000000dae80000, 0x00000000df080000, 0x0000000100000000)
  eden space 58368K, 35% used [0x00000000dae80000,0x00000000dc279128,0x00000000de780000)
  from space 4608K, 99% used [0x00000000dec00000,0x00000000df07cb10,0x00000000df080000)
  to   space 4608K, 0% used [0x00000000de780000,0x00000000de780000,0x00000000dec00000)
 ParOldGen       total 75776K, used 7859K [0x0000000090c00000, 0x0000000095600000, 0x00000000dae80000)
  object space 75776K, 10% used [0x0000000090c00000,0x00000000913ace28,0x0000000095600000)
 Metaspace       used 20913K, capacity 21162K, committed 21296K, reserved 1067008K
  class space    used 2742K, capacity 2843K, committed 2864K, reserved 1048576K
Event: 5.279 GC heap after
Heap after GC invocations=5 (full 0):
 PSYoungGen      total 62976K, used 4592K [0x00000000dae80000, 0x00000000e3580000, 0x0000000100000000)
  eden space 58368K, 0% used [0x00000000dae80000,0x00000000dae80000,0x00000000de780000)
  from space 4608K, 99% used [0x00000000de780000,0x00000000debfc0a0,0x00000000dec00000)
  to   space 10752K, 0% used [0x00000000e2b00000,0x00000000e2b00000,0x00000000e3580000)
 ParOldGen       total 75776K, used 10403K [0x0000000090c00000, 0x0000000095600000, 0x00000000dae80000)
  object space 75776K, 13% used [0x0000000090c00000,0x0000000091628c38,0x0000000095600000)
 Metaspace       used 20913K, capacity 21162K, committed 21296K, reserved 1067008K
  class space    used 2742K, capacity 2843K, committed 2864K, reserved 1048576K
}
Event: 5.280 GC heap before
{Heap before GC invocations=6 (full 1):
 PSYoungGen      total 62976K, used 4592K [0x00000000dae80000, 0x00000000e3580000, 0x0000000100000000)
  eden space 58368K, 0% used [0x00000000dae80000,0x00000000dae80000,0x00000000de780000)
  from space 4608K, 99% used [0x00000000de780000,0x00000000debfc0a0,0x00000000dec00000)
  to   space 10752K, 0% used [0x00000000e2b00000,0x00000000e2b00000,0x00000000e3580000)
 ParOldGen       total 75776K, used 10403K [0x0000000090c00000, 0x0000000095600000, 0x00000000dae80000)
  object space 75776K, 13% used [0x0000000090c00000,0x0000000091628c38,0x0000000095600000)
 Metaspace       used 20913K, capacity 21162K, committed 21296K, reserved 1067008K
  class space    used 2742K, capacity 2843K, committed 2864K, reserved 1048576K

