# JRE version: Java(TM) SE Runtime Environment (8.0-b113) (build 1.8.0-ea-b113)
# Java VM: Java HotSpot(TM) 64-Bit Server VM (25.0-b55 mixed mode windows-amd64 compressed oops)
Heap:
 PSYoungGen      total 124416K, used 7655K [0x00000000dae80000, 0x00000000ea180000, 0x0000000100000000)
  eden space 112128K, 0% used [0x00000000dae80000,0x00000000dae80000,0x00000000e1c00000)
  from space 12288K, 62% used [0x00000000e1c00000,0x00000000e2379cc0,0x00000000e2800000)
  to   space 12288K, 0% used [0x00000000e9580000,0x00000000e9580000,0x00000000ea180000)
 ParOldGen       total 75776K, used 11097K [0x0000000090c00000, 0x0000000095600000, 0x00000000dae80000)
  object space 75776K, 14% used [0x0000000090c00000,0x00000000916d6638,0x0000000095600000)
 Metaspace       used 20946K, capacity 21192K, committed 21296K, reserved 1067008K
  class space    used 2732K, capacity 2848K, committed 2864K, reserved 1048576K
GC Heap History (10 events):
Event: 2.118 GC heap after
Heap after GC invocations=3 (full 0):
 PSYoungGen      total 33792K, used 4016K [0x00000000dae80000, 0x00000000df080000, 0x0000000100000000)
  eden space 29184K, 0% used [0x00000000dae80000,0x00000000dae80000,0x00000000dcb00000)
  from space 4608K, 87% used [0x00000000dcb00000,0x00000000dceec010,0x00000000dcf80000)
  to   space 4608K, 0% used [0x00000000dec00000,0x00000000dec00000,0x00000000df080000)
 ParOldGen       total 75776K, used 293K [0x0000000090c00000, 0x0000000095600000, 0x00000000dae80000)
  object space 75776K, 0% used [0x0000000090c00000,0x0000000090c495b0,0x0000000095600000)
 Metaspace       used 8605K, capacity 8712K, committed 8960K, reserved 1056768K
  class space    used 960K, capacity 982K, committed 1024K, reserved 1048576K
}
Event: 2.244 GC heap before
{Heap before GC invocations=4 (full 0):
 PSYoungGen      total 33792K, used 33200K [0x00000000dae80000, 0x00000000df080000, 0x0000000100000000)
  eden space 29184K, 100% used [0x00000000dae80000,0x00000000dcb00000,0x00000000dcb00000)
  from space 4608K, 87% used [0x00000000dcb00000,0x00000000dceec010,0x00000000dcf80000)
  to   space 4608K, 0% used [0x00000000dec00000,0x00000000dec00000,0x00000000df080000)
 ParOldGen       total 75776K, used 293K [0x0000000090c00000, 0x0000000095600000, 0x00000000dae80000)
  object space 75776K, 0% used [0x0000000090c00000,0x0000000090c495b0,0x0000000095600000)
 Metaspace       used 8623K, capacity 8724K, committed 8960K, reserved 1056768K
  class space    used 961K, capacity 984K, committed 1024K, reserved 1048576K
Event: 2.257 GC heap after
Heap after GC invocations=4 (full 0):
 PSYoungGen      total 62976K, used 4592K [0x00000000dae80000, 0x00000000df080000, 0x0000000100000000)
  eden space 58368K, 0% used [0x00000000dae80000,0x00000000dae80000,0x00000000de780000)
  from space 4608K, 99% used [0x00000000dec00000,0x00000000df07c010,0x00000000df080000)
  to   space 4608K, 0% used [0x00000000de780000,0x00000000de780000,0x00000000dec00000)
 ParOldGen       total 75776K, used 717K [0x0000000090c00000, 0x0000000095600000, 0x00000000dae80000)
  object space 75776K, 0% used [0x0000000090c00000,0x0000000090cb35b0,0x0000000095600000)
 Metaspace       used 8623K, capacity 8724K, committed 8960K, reserved 1056768K
  class space    used 961K, capacity 984K, committed 1024K, reserved 1048576K
}
Event: 2.825 GC heap before
{Heap before GC invocations=5 (full 0):
 PSYoungGen      total 62976K, used 62960K [0x00000000dae80000, 0x00000000df080000, 0x0000000100000000)
  eden space 58368K, 100% used [0x00000000dae80000,0x00000000de780000,0x00000000de780000)
  from space 4608K, 99% used [0x00000000dec00000,0x00000000df07c010,0x00000000df080000)
  to   space 4608K, 0% used [0x00000000de780000,0x00000000de780000,0x00000000dec00000)
 ParOldGen       total 75776K, used 717K [0x0000000090c00000, 0x0000000095600000, 0x00000000dae80000)
  object space 75776K, 0% used [0x0000000090c00000,0x0000000090cb35b0,0x0000000095600000)
 Metaspace       used 10651K, capacity 10740K, committed 10752K, reserved 1058816K
  class space    used 1244K, capacity 1272K, committed 1280K, reserved 1048576K
Event: 2.841 GC heap after
Heap after GC invocations=5 (full 0):
 PSYoungGen      total 62976K, used 4576K [0x00000000dae80000, 0x00000000e2f80000, 0x0000000100000000)
  eden space 58368K, 0% used [0x00000000dae80000,0x00000000dae80000,0x00000000de780000)
  from space 4608K, 99% used [0x00000000de780000,0x00000000debf8020,0x00000000dec00000)
  to   space 7680K, 0% used [0x00000000e2800000,0x00000000e2800000,0x00000000e2f80000)
 ParOldGen       total 75776K, used 3558K [0x0000000090c00000, 0x0000000095600000, 0x00000000dae80000)
  object space 75776K, 4% used [0x0000000090c00000,0x0000000090f79818,0x0000000095600000)
 Metaspace       used 10651K, capacity 10740K, committed 10752K, reserved 1058816K
  class space    used 1244K, capacity 1272K, committed 1280K, reserved 1048576K
}
Event: 5.235 GC heap before
{Heap before GC invocations=6 (full 0):
 PSYoungGen      total 62976K, used 62944K [0x00000000dae80000, 0x00000000e2f80000, 0x0000000100000000)
  eden space 58368K, 100% used [0x00000000dae80000,0x00000000de780000,0x00000000de780000)
  from space 4608K, 99% used [0x00000000de780000,0x00000000debf8020,0x00000000dec00000)
  to   space 7680K, 0% used [0x00000000e2800000,0x00000000e2800000,0x00000000e2f80000)
 ParOldGen       total 75776K, used 3558K [0x0000000090c00000, 0x0000000095600000, 0x00000000dae80000)
  object space 75776K, 4% used [0x0000000090c00000,0x0000000090f79818,0x0000000095600000)
 Metaspace       used 19257K, capacity 19496K, committed 19840K, reserved 1067008K
  class space    used 2469K, capacity 2576K, committed 2688K, reserved 1048576K
Event: 5.275 GC heap after
Heap after GC invocations=6 (full 0):
 PSYoungGen      total 119808K, used 7669K [0x00000000dae80000, 0x00000000e3880000, 0x0000000100000000)
  eden space 112128K, 0% used [0x00000000dae80000,0x00000000dae80000,0x00000000e1c00000)
  from space 7680K, 99% used [0x00000000e2800000,0x00000000e2f7d6c0,0x00000000e2f80000)
  to   space 12288K, 0% used [0x00000000e1c00000,0x00000000e1c00000,0x00000000e2800000)
 ParOldGen       total 75776K, used 9467K [0x0000000090c00000, 0x0000000095600000, 0x00000000dae80000)
  object space 75776K, 12% used [0x0000000090c00000,0x000000009153eda8,0x0000000095600000)
 Metaspace       used 19257K, capacity 19496K, committed 19840K, reserved 1067008K
  class space    used 2469K, capacity 2576K, committed 2688K, reserved 1048576K
}
Event: 5.781 GC heap before
{Heap before GC invocations=7 (full 0):
 PSYoungGen      total 119808K, used 23278K [0x00000000dae80000, 0x00000000e3880000, 0x0000000100000000)
  eden space 112128K, 13% used [0x00000000dae80000,0x00000000dbdbe2c8,0x00000000e1c00000)
  from space 7680K, 99% used [0x00000000e2800000,0x00000000e2f7d6c0,0x00000000e2f80000)
  to   space 12288K, 0% used [0x00000000e1c00000,0x00000000e1c00000,0x00000000e2800000)
 ParOldGen       total 75776K, used 9467K [0x0000000090c00000, 0x0000000095600000, 0x00000000dae80000)
  object space 75776K, 12% used [0x0000000090c00000,0x000000009153eda8,0x0000000095600000)
 Metaspace       used 20946K, capacity 21192K, committed 21296K, reserved 1067008K
  class space    used 2732K, capacity 2848K, committed 2864K, reserved 1048576K
Event: 5.802 GC heap after
Heap after GC invocations=7 (full 0):
 PSYoungGen      total 124416K, used 7655K [0x00000000dae80000, 0x00000000ea180000, 0x0000000100000000)
  eden space 112128K, 0% used [0x00000000dae80000,0x00000000dae80000,0x00000000e1c00000)
  from space 12288K, 62% used [0x00000000e1c00000,0x00000000e2379cc0,0x00000000e2800000)
  to   space 12288K, 0% used [0x00000000e9580000,0x00000000e9580000,0x00000000ea180000)
 ParOldGen       total 75776K, used 11097K [0x0000000090c00000, 0x0000000095600000, 0x00000000dae80000)
  object space 75776K, 14% used [0x0000000090c00000,0x00000000916d6638,0x0000000095600000)
 Metaspace       used 20946K, capacity 21192K, committed 21296K, reserved 1067008K
  class space    used 2732K, capacity 2848K, committed 2864K, reserved 1048576K
}
Event: 5.802 GC heap before
{Heap before GC invocations=8 (full 1):
 PSYoungGen      total 124416K, used 7655K [0x00000000dae80000, 0x00000000ea180000, 0x0000000100000000)
  eden space 112128K, 0% used [0x00000000dae80000,0x00000000dae80000,0x00000000e1c00000)
  from space 12288K, 62% used [0x00000000e1c00000,0x00000000e2379cc0,0x00000000e2800000)
  to   space 12288K, 0% used [0x00000000e9580000,0x00000000e9580000,0x00000000ea180000)
 ParOldGen       total 75776K, used 11097K [0x0000000090c00000, 0x0000000095600000, 0x00000000dae80000)
  object space 75776K, 14% used [0x0000000090c00000,0x00000000916d6638,0x0000000095600000)
 Metaspace       used 20946K, capacity 21192K, committed 21296K, reserved 1067008K
  class space    used 2732K, capacity 2848K, committed 2864K, reserved 1048576K

