<?xml version="1.0" encoding="UTF-8"?>
<testng-results skipped="0" failed="0" ignored="90" total="93" passed="3">
  <reporter-output>
    <line>
      <![CDATA[<strong> <h3 style="color:DarkViolet"> TC_DB_02: Verify E2E workflow for package creation and upload signed document for three signer.</h3> </strong>]]>
    </line>
    <line>
      <![CDATA[<br><strong>Step 1 Enter Username.</strong></br>]]>
    </line>
    <line>
      <![CDATA[</br>&nbsp;&nbsp;&nbsp;&nbsp;  -> Username entered: sy1-dev09-owner@e-signsolutions.com</br>]]>
    </line>
    <line>
      <![CDATA[<br><strong>Step 2 Enter Password.</strong></br>]]>
    </line>
    <line>
      <![CDATA[</br>&nbsp;&nbsp;&nbsp;&nbsp;  -> Password entered: N#abe7dd95b55c1d635349395d8d9244</br>]]>
    </line>
    <line>
      <![CDATA[<br><strong>Step 3 Click on Login button.</strong></br>]]>
    </line>
    <line>
      <![CDATA[<h3><b style='color:#1466B8'>&nbsp;&nbsp;&nbsp;Verify user has logged in successfuly.</h3></b>]]>
    </line>
    <line>
      <![CDATA[</br>&nbsp;&nbsp;&nbsp;&nbsp;Welcome DEV09 Account</br>]]>
    </line>
    <line>
      <![CDATA[<strong> <h3 style="color:DarkGreen">  &#10004; <i>  SUCCESSFUL </i></h3> </strong> ]]>
    </line>
    <line>
      <![CDATA[<br><strong>Step 4 Select workflow from dropdown.</strong></br>]]>
    </line>
    <line>
      <![CDATA[<br><strong>Step 5 Click on 'Create' Button.</strong></br>]]>
    </line>
    <line>
      <![CDATA[<br><strong>Step 6 Enter 'Borrower 1:' details to create package.</strong></br>]]>
    </line>
    <line>
      <![CDATA[</br>&nbsp;&nbsp;&nbsp;&nbsp;  -> Internl Reference: Reference_iXZQQ</br>]]>
    </line>
    <line>
      <![CDATA[</br>&nbsp;&nbsp;&nbsp;&nbsp;  -> First Name: autoFnamevePbgLGtdp</br>]]>
    </line>
    <line>
      <![CDATA[</br>&nbsp;&nbsp;&nbsp;&nbsp;  -> Last Name: autoLnamejoqMmSqdZF</br>]]>
    </line>
    <line>
      <![CDATA[</br>&nbsp;&nbsp;&nbsp;&nbsp;  -> Email : auto_JMJEzGqybFJJSzRiHevq@mailinator.com</br>]]>
    </line>
    <line>
      <![CDATA[</br>&nbsp;&nbsp;&nbsp;&nbsp;  -> Mobile Number : +61444444444</br>]]>
    </line>
    <line>
      <![CDATA[<br><strong>Step 7 Choose any random WAFR Attachments.</strong></br>]]>
    </line>
    <line>
      <![CDATA[</br>&nbsp;&nbsp;&nbsp;&nbsp;  -> 4 Attachments going to be select.</br>]]>
    </line>
    <line>
      <![CDATA[</br>&nbsp;&nbsp;&nbsp;&nbsp;  -> Transfer of Land</br>]]>
    </line>
    <line>
      <![CDATA[</br>&nbsp;&nbsp;&nbsp;&nbsp;  -> Certificate of Insurance 1</br>]]>
    </line>
    <line>
      <![CDATA[</br>&nbsp;&nbsp;&nbsp;&nbsp;  -> Certificate of Insurance 3</br>]]>
    </line>
    <line>
      <![CDATA[</br>&nbsp;&nbsp;&nbsp;&nbsp;  -> DCC</br>]]>
    </line>
    <line>
      <![CDATA[<br><strong>Step 8 Enter 'Guarantor 1:' details to create package.</strong></br>]]>
    </line>
    <line>
      <![CDATA[</br>&nbsp;&nbsp;&nbsp;&nbsp;  -> Select Gurantor 1 Check box to enter details.</br>]]>
    </line>
    <line>
      <![CDATA[</br>&nbsp;&nbsp;&nbsp;&nbsp;  -> Guarantor First Name: autoGFnameQtghxqSWjt</br>]]>
    </line>
    <line>
      <![CDATA[</br>&nbsp;&nbsp;&nbsp;&nbsp;  -> Guarantor Last Name: autoGLnameqhZsFHOtOn</br>]]>
    </line>
    <line>
      <![CDATA[</br>&nbsp;&nbsp;&nbsp;&nbsp;  -> Guarantor Email : auto_G_gPuxVSQiOqwnnJXEWepT@mailinator.com</br>]]>
    </line>
    <line>
      <![CDATA[</br>&nbsp;&nbsp;&nbsp;&nbsp;  -> Guarantor Mobile Number : +61444444444</br>]]>
    </line>
    <line>
      <![CDATA[<br><strong>Step 9 Enter 'Relationship Manager:' details to create package.</strong></br>]]>
    </line>
    <line>
      <![CDATA[</br>&nbsp;&nbsp;&nbsp;&nbsp;  -> Select Relationship Manager Check box to enter details.</br>]]>
    </line>
    <line>
      <![CDATA[</br>&nbsp;&nbsp;&nbsp;&nbsp;  -> Relationship Manager First Name: autoRFnamelkAdOlYHTB</br>]]>
    </line>
    <line>
      <![CDATA[</br>&nbsp;&nbsp;&nbsp;&nbsp;  -> Relationship Manager Last Name: autoRLnamepGmsqWavhO</br>]]>
    </line>
    <line>
      <![CDATA[</br>&nbsp;&nbsp;&nbsp;&nbsp;  -> Relationship Manager Email : auto_R_SAAgGiBZeQixgkgfBwkT@mailinator.com</br>]]>
    </line>
    <line>
      <![CDATA[</br>&nbsp;&nbsp;&nbsp;&nbsp;  -> Relationship Manager Mobile Number : +61444444444</br>]]>
    </line>
    <line>
      <![CDATA[<br><strong>Step 10 Choose any random WAFR Attachments for Relationship Manager.</strong></br>]]>
    </line>
    <line>
      <![CDATA[</br>&nbsp;&nbsp;&nbsp;&nbsp;  -> Selected WAFR Attachment: </br>]]>
    </line>
    <line>
      <![CDATA[<br><strong>Step 11 Click on Create Button to Create Package.</strong></br>]]>
    </line>
    <line>
      <![CDATA[<br><strong>Step 12 Choose 'Cloude Services Agreement' checkbox to upload contract document.</strong></br>]]>
    </line>
    <line>
      <![CDATA[<br><strong>Step 13 Upload any agreenment file template</strong></br>]]>
    </line>
    <line>
      <![CDATA[<br><strong>Step 14 Click on 'Send Package' button.</strong></br>]]>
    </line>
    <line>
      <![CDATA[<h3><b style='color:#1466B8'>&nbsp;&nbsp;&nbsp;Verify that package has successfully created and found in package table.</h3></b>]]>
    </line>
    <line>
      <![CDATA[</br>&nbsp;&nbsp;&nbsp;&nbsp;Reference_iXZQQ</br>]]>
    </line>
    <line>
      <![CDATA[</br>&nbsp;&nbsp;&nbsp;&nbsp;Reference_iXZQQ</br>]]>
    </line>
    <line>
      <![CDATA[<strong> <h3 style="color:DarkGreen">  &#10004; <i>  SUCCESSFUL </i></h3> </strong> ]]>
    </line>
    <line>
      <![CDATA[</br>&nbsp;&nbsp;&nbsp;&nbsp;==============================================<br><b><h2> &nbsp;&nbsp; Complete sign document process for Borrower.</h2></b>&nbsp;&nbsp;==============================================<br></br>]]>
    </line>
    <line>
      <![CDATA[<br><strong>Step 15 Open Mailinator to check if user has received package created notification.</strong></br>]]>
    </line>
    <line>
      <![CDATA[<br><strong>Step 16 Enter test email address.</strong></br>]]>
    </line>
    <line>
      <![CDATA[<br><strong>Step 17 Click on email notiction received from 'ACME Business Banking'.</strong></br>]]>
    </line>
    <line>
      <![CDATA[<br><strong>Step 18 Click on 'Go to My documents' button to navigate Dashboard.</strong></br>]]>
    </line>
    <line>
      <![CDATA[<br><strong>Step 19 Navigate to other tab and accept Consent.</strong></br>]]>
    </line>
    <line>
      <![CDATA[<br><strong>Step 20 Click on 'Request SMS Authentication Code' button.</strong></br>]]>
    </line>
    <line>
      <![CDATA[<br><strong>Step 21 Enter SMS Code.</strong></br>]]>
    </line>
    <line>
      <![CDATA[<br><strong>Step 22 Click on Authenticate button to verify SMS Code.</strong></br>]]>
    </line>
    <line>
      <![CDATA[<h3><b style='color:#1466B8'>&nbsp;&nbsp;&nbsp;Verify that user navigates to 'Documents Portal'.</h3></b>]]>
    </line>
    <line>
      <![CDATA[</br>&nbsp;&nbsp;&nbsp;&nbsp;  ->Verify Borrower is navigated to portal.</br>]]>
    </line>
    <line>
      <![CDATA[<strong> <h3 style="color:DarkGreen">  &#10004; <i>  SUCCESSFUL </i></h3> </strong> ]]>
    </line>
    <line>
      <![CDATA[<br><strong>Step 23 Click on 'View Document' of 'Product Disclosure Statement'.</strong></br>]]>
    </line>
    <line>
      <![CDATA[<br><strong>Step 24 Click on 'Back to loan documents portal' button of 'Product Disclosure Statement'.</strong></br>]]>
    </line>
    <line>
      <![CDATA[<h3><b style='color:#1466B8'>&nbsp;&nbsp;&nbsp;Verify that 'Not Viewed' state has been changed to 'Viewed'.</h3></b>]]>
    </line>
    <line>
      <![CDATA[<strong> <h3 style="color:DarkGreen">  &#10004; <i>  SUCCESSFUL </i></h3> </strong> ]]>
    </line>
    <line>
      <![CDATA[<br><strong>Step 25 Click on 'Sign Online' button.</strong></br>]]>
    </line>
    <line>
      <![CDATA[<br><strong>Step 26 Click on Down Arrow button move at the end of document.</strong></br>]]>
    </line>
    <line>
      <![CDATA[<br><strong>Step 27 Click on 'Click to Sign' check mark area.</strong></br>]]>
    </line>
    <line>
      <![CDATA[<br><strong>Step 28 Click on 'Ok' to accept confirmation</strong></br>]]>
    </line>
    <line>
      <![CDATA[<br><strong>Step 29 Click on 'Return to Home' button to navigate back to Portal.</strong></br>]]>
    </line>
    <line>
      <![CDATA[<h3><b style='color:#1466B8'>&nbsp;&nbsp;&nbsp;Verify that 'eSign documents' status changed to 'Signed'.</h3></b>]]>
    </line>
    <line>
      <![CDATA[<strong> <h3 style="color:DarkGreen">  &#10004; <i>  SUCCESSFUL </i></h3> </strong> ]]>
    </line>
    <line>
      <![CDATA[<br><strong>Step 30 Upload Print and Signed WFAR Documents.</strong></br>]]>
    </line>
    <line>
      <![CDATA[</br>&nbsp;&nbsp;&nbsp;&nbsp;  --- 4 Documents are avaiable to upload. ---</br>]]>
    </line>
    <line>
      <![CDATA[</br>&nbsp;&nbsp;&nbsp;&nbsp;  -> Document <b>Transfer of Land Optional</b> is going to be upload.</br>]]>
    </line>
    <line>
      <![CDATA[</br>&nbsp;&nbsp;&nbsp;&nbsp;  -> Clicked on Upload button.</br>]]>
    </line>
    <line>
      <![CDATA[</br>&nbsp;&nbsp;&nbsp;&nbsp;  -> Check the 'I have printed, signed and scanned all pages of the document' checkbox.</br>]]>
    </line>
    <line>
      <![CDATA[</br>&nbsp;&nbsp;&nbsp;&nbsp;  -> Click on 'Ready to Upload' Button.</br>]]>
    </line>
    <line>
      <![CDATA[</br>&nbsp;&nbsp;&nbsp;&nbsp;  -> Upload any Document.</br>]]>
    </line>
    <line>
      <![CDATA[</br>&nbsp;&nbsp;&nbsp;&nbsp;  -> Click on Upload Now button to upload the Document.</br>]]>
    </line>
    <line>
      <![CDATA[<h3><b style='color:#E27A12'>&nbsp;&nbsp;&nbsp;  Verify that 'Optional' state has changed to 'File Uploaded'.</h3></b>]]>
    </line>
    <line>
      <![CDATA[<strong> <h3 style="color:DarkGreen">  &#10004; <i>  SUCCESSFUL </i></h3> </strong> ]]>
    </line>
    <line>
      <![CDATA[</br>&nbsp;&nbsp;&nbsp;&nbsp;  -> Document <b>Certificate of Insurance 1 Optional</b> is going to be upload.</br>]]>
    </line>
    <line>
      <![CDATA[</br>&nbsp;&nbsp;&nbsp;&nbsp;  -> Clicked on Upload button.</br>]]>
    </line>
    <line>
      <![CDATA[</br>&nbsp;&nbsp;&nbsp;&nbsp;  -> Check the 'I have printed, signed and scanned all pages of the document' checkbox.</br>]]>
    </line>
    <line>
      <![CDATA[</br>&nbsp;&nbsp;&nbsp;&nbsp;  -> Click on 'Ready to Upload' Button.</br>]]>
    </line>
    <line>
      <![CDATA[</br>&nbsp;&nbsp;&nbsp;&nbsp;  -> Upload any Document.</br>]]>
    </line>
    <line>
      <![CDATA[</br>&nbsp;&nbsp;&nbsp;&nbsp;  -> Click on Upload Now button to upload the Document.</br>]]>
    </line>
    <line>
      <![CDATA[<h3><b style='color:#E27A12'>&nbsp;&nbsp;&nbsp;  Verify that 'Optional' state has changed to 'File Uploaded'.</h3></b>]]>
    </line>
    <line>
      <![CDATA[<strong> <h3 style="color:DarkGreen">  &#10004; <i>  SUCCESSFUL </i></h3> </strong> ]]>
    </line>
    <line>
      <![CDATA[</br>&nbsp;&nbsp;&nbsp;&nbsp;  -> Document <b>Certificate of Insurance 3 Optional</b> is going to be upload.</br>]]>
    </line>
    <line>
      <![CDATA[</br>&nbsp;&nbsp;&nbsp;&nbsp;  -> Clicked on Upload button.</br>]]>
    </line>
    <line>
      <![CDATA[</br>&nbsp;&nbsp;&nbsp;&nbsp;  -> Check the 'I have printed, signed and scanned all pages of the document' checkbox.</br>]]>
    </line>
    <line>
      <![CDATA[</br>&nbsp;&nbsp;&nbsp;&nbsp;  -> Click on 'Ready to Upload' Button.</br>]]>
    </line>
    <line>
      <![CDATA[</br>&nbsp;&nbsp;&nbsp;&nbsp;  -> Upload any Document.</br>]]>
    </line>
    <line>
      <![CDATA[</br>&nbsp;&nbsp;&nbsp;&nbsp;  -> Click on Upload Now button to upload the Document.</br>]]>
    </line>
    <line>
      <![CDATA[<h3><b style='color:#E27A12'>&nbsp;&nbsp;&nbsp;  Verify that 'Optional' state has changed to 'File Uploaded'.</h3></b>]]>
    </line>
    <line>
      <![CDATA[<strong> <h3 style="color:DarkGreen">  &#10004; <i>  SUCCESSFUL </i></h3> </strong> ]]>
    </line>
    <line>
      <![CDATA[</br>&nbsp;&nbsp;&nbsp;&nbsp;  -> Document <b>DCC Optional</b> is going to be upload.</br>]]>
    </line>
    <line>
      <![CDATA[</br>&nbsp;&nbsp;&nbsp;&nbsp;  -> Clicked on Upload button.</br>]]>
    </line>
    <line>
      <![CDATA[</br>&nbsp;&nbsp;&nbsp;&nbsp;  -> Check the 'I have printed, signed and scanned all pages of the document' checkbox.</br>]]>
    </line>
    <line>
      <![CDATA[</br>&nbsp;&nbsp;&nbsp;&nbsp;  -> Click on 'Ready to Upload' Button.</br>]]>
    </line>
    <line>
      <![CDATA[</br>&nbsp;&nbsp;&nbsp;&nbsp;  -> Upload any Document.</br>]]>
    </line>
    <line>
      <![CDATA[</br>&nbsp;&nbsp;&nbsp;&nbsp;  -> Click on Upload Now button to upload the Document.</br>]]>
    </line>
    <line>
      <![CDATA[<h3><b style='color:#E27A12'>&nbsp;&nbsp;&nbsp;  Verify that 'Optional' state has changed to 'File Uploaded'.</h3></b>]]>
    </line>
    <line>
      <![CDATA[<strong> <h3 style="color:DarkGreen">  &#10004; <i>  SUCCESSFUL </i></h3> </strong> ]]>
    </line>
    <line>
      <![CDATA[<br><strong>Step 31 Click on 'Submit loan documents' to submit signed loan document.</strong></br>]]>
    </line>
    <line>
      <![CDATA[<h3><b style='color:#1466B8'>&nbsp;&nbsp;&nbsp; Verify Thank you message for borrower.</h3></b>]]>
    </line>
    <line>
      <![CDATA[<strong> <h3 style="color:DarkGreen">  &#10004; <i>  SUCCESSFUL </i></h3> </strong> ]]>
    </line>
    <line>
      <![CDATA[</br>&nbsp;&nbsp;&nbsp;&nbsp;==============================================<br><b><h2> Complete sign document process for Guarantor.</h2></b>==============================================<br></br>]]>
    </line>
    <line>
      <![CDATA[<br><strong>Step 32 Open Mailinator to check if user has received package created notification.</strong></br>]]>
    </line>
    <line>
      <![CDATA[<br><strong>Step 33 Enter test email address.</strong></br>]]>
    </line>
    <line>
      <![CDATA[<br><strong>Step 34 Click on email notiction received from 'ACME Business Banking'.</strong></br>]]>
    </line>
    <line>
      <![CDATA[<br><strong>Step 35 Click on 'Go to My documents' button to navigate Dashboard.</strong></br>]]>
    </line>
    <line>
      <![CDATA[<br><strong>Step 36 Navigate to other tab and accept Consent.</strong></br>]]>
    </line>
    <line>
      <![CDATA[<br><strong>Step 37 Click on 'Request SMS Authentication Code' button.</strong></br>]]>
    </line>
    <line>
      <![CDATA[<br><strong>Step 38 Enter SMS Code.</strong></br>]]>
    </line>
    <line>
      <![CDATA[<br><strong>Step 39 Click on Authenticate button to verify SMS Code.</strong></br>]]>
    </line>
    <line>
      <![CDATA[<h3><b style='color:#1466B8'>&nbsp;&nbsp;&nbsp;Verify that user navigates to 'Documents Portal'.</h3></b>]]>
    </line>
    <line>
      <![CDATA[</br>&nbsp;&nbsp;&nbsp;&nbsp;  ->Verify Guarantor is navigated to portal.</br>]]>
    </line>
    <line>
      <![CDATA[<strong> <h3 style="color:DarkGreen">  &#10004; <i>  SUCCESSFUL </i></h3> </strong> ]]>
    </line>
    <line>
      <![CDATA[<br><strong>Step 40 Click on 'View Document' of 'Product Disclosure Statement'.</strong></br>]]>
    </line>
    <line>
      <![CDATA[<br><strong>Step 41 Click on 'Back to loan documents portal' button of 'Product Disclosure Statement'.</strong></br>]]>
    </line>
    <line>
      <![CDATA[<h3><b style='color:#1466B8'>&nbsp;&nbsp;&nbsp;Verify that 'Not Viewed' state has been changed to 'Viewed'.</h3></b>]]>
    </line>
    <line>
      <![CDATA[<strong> <h3 style="color:DarkGreen">  &#10004; <i>  SUCCESSFUL </i></h3> </strong> ]]>
    </line>
    <line>
      <![CDATA[<br><strong>Step 42 Click on 'Sign Online' button.</strong></br>]]>
    </line>
    <line>
      <![CDATA[<br><strong>Step 43 Click on Down Arrow button move at the end of document.</strong></br>]]>
    </line>
    <line>
      <![CDATA[<br><strong>Step 44 Click on 'Click to Sign' check mark area.</strong></br>]]>
    </line>
    <line>
      <![CDATA[<br><strong>Step 45 Click on 'Ok' to accept confirmation</strong></br>]]>
    </line>
    <line>
      <![CDATA[<br><strong>Step 46 Click on 'Return to Home' button to navigate back to Portal.</strong></br>]]>
    </line>
    <line>
      <![CDATA[<h3><b style='color:#1466B8'>&nbsp;&nbsp;&nbsp;Verify that 'eSign documents' status changed to 'Signed'.</h3></b>]]>
    </line>
    <line>
      <![CDATA[<strong> <h3 style="color:DarkGreen">  &#10004; <i>  SUCCESSFUL </i></h3> </strong> ]]>
    </line>
    <line>
      <![CDATA[<br><strong>Step 47 Upload Print and Signed WFAR Documents.</strong></br>]]>
    </line>
    <line>
      <![CDATA[<br><strong>Step 48 Click on 'Submit loan documents' to submit signed loan document.</strong></br>]]>
    </line>
    <line>
      <![CDATA[<h3><b style='color:#1466B8'>&nbsp;&nbsp;&nbsp; Verify Thank you message for borrower.</h3></b>]]>
    </line>
    <line>
      <![CDATA[<strong> <h3 style="color:DarkGreen">  &#10004; <i>  SUCCESSFUL </i></h3> </strong> ]]>
    </line>
    <line>
      <![CDATA[</br>&nbsp;&nbsp;&nbsp;&nbsp;==============================================<br><b><h2> &nbsp;&nbsp;Complete sign document process for Relationship Manager.</h2></b>&nbsp;&nbsp;==============================================<br></br>]]>
    </line>
    <line>
      <![CDATA[<br><strong>Step 49 Open Mailinator to check if user has received package created notification.</strong></br>]]>
    </line>
    <line>
      <![CDATA[<br><strong>Step 50 Enter test email address.</strong></br>]]>
    </line>
    <line>
      <![CDATA[<br><strong>Step 51 Click on email notiction received from 'ACME Business Banking'.</strong></br>]]>
    </line>
    <line>
      <![CDATA[<br><strong>Step 52 Click on 'Go to My documents' button to navigate Dashboard.</strong></br>]]>
    </line>
    <line>
      <![CDATA[<br><strong>Step 53 Navigate to other tab and accept Consent.</strong></br>]]>
    </line>
    <line>
      <![CDATA[<br><strong>Step 54 Click on 'Request SMS Authentication Code' button.</strong></br>]]>
    </line>
    <line>
      <![CDATA[<br><strong>Step 55 Enter SMS Code.</strong></br>]]>
    </line>
    <line>
      <![CDATA[<br><strong>Step 56 Click on Authenticate button to verify SMS Code.</strong></br>]]>
    </line>
    <line>
      <![CDATA[<h3><b style='color:#1466B8'>&nbsp;&nbsp;&nbsp;Verify that user navigates to 'Documents Portal'.</h3></b>]]>
    </line>
    <line>
      <![CDATA[</br>&nbsp;&nbsp;&nbsp;&nbsp;  ->Verify Relationship Manager is navigated to portal.</br>]]>
    </line>
    <line>
      <![CDATA[<strong> <h3 style="color:DarkGreen">  &#10004; <i>  SUCCESSFUL </i></h3> </strong> ]]>
    </line>
    <line>
      <![CDATA[<br><strong>Step 57 Click on 'View Document' of 'Product Disclosure Statement'.</strong></br>]]>
    </line>
    <line>
      <![CDATA[<br><strong>Step 58 Click on 'Back to loan documents portal' button of 'Product Disclosure Statement'.</strong></br>]]>
    </line>
    <line>
      <![CDATA[<h3><b style='color:#1466B8'>&nbsp;&nbsp;&nbsp;Verify that 'Not Viewed' state has been changed to 'Viewed'.</h3></b>]]>
    </line>
    <line>
      <![CDATA[<strong> <h3 style="color:DarkGreen">  &#10004; <i>  SUCCESSFUL </i></h3> </strong> ]]>
    </line>
    <line>
      <![CDATA[<br><strong>Step 59 Click on 'Sign Online' button.</strong></br>]]>
    </line>
    <line>
      <![CDATA[<br><strong>Step 60 Click on Down Arrow button move at the end of document.</strong></br>]]>
    </line>
    <line>
      <![CDATA[<br><strong>Step 61 Click on 'Click to Sign' check mark area.</strong></br>]]>
    </line>
    <line>
      <![CDATA[<br><strong>Step 62 Click on 'Ok' to accept confirmation</strong></br>]]>
    </line>
    <line>
      <![CDATA[<br><strong>Step 63 Click on 'Return to Home' button to navigate back to Portal.</strong></br>]]>
    </line>
    <line>
      <![CDATA[<h3><b style='color:#1466B8'>&nbsp;&nbsp;&nbsp;Verify that 'eSign documents' status changed to 'Signed'.</h3></b>]]>
    </line>
    <line>
      <![CDATA[<strong> <h3 style="color:DarkGreen">  &#10004; <i>  SUCCESSFUL </i></h3> </strong> ]]>
    </line>
    <line>
      <![CDATA[<br><strong>Step 64 Upload Print and Signed WFAR Documents.</strong></br>]]>
    </line>
    <line>
      <![CDATA[</br>&nbsp;&nbsp;&nbsp;&nbsp;  --- 1 Documents are avaiable to upload. ---</br>]]>
    </line>
    <line>
      <![CDATA[</br>&nbsp;&nbsp;&nbsp;&nbsp;  -> Document <b>DCC Optional</b> is going to be upload.</br>]]>
    </line>
    <line>
      <![CDATA[</br>&nbsp;&nbsp;&nbsp;&nbsp;  -> Clicked on Upload button.</br>]]>
    </line>
    <line>
      <![CDATA[</br>&nbsp;&nbsp;&nbsp;&nbsp;  -> Check the 'I have printed, signed and scanned all pages of the document' checkbox.</br>]]>
    </line>
    <line>
      <![CDATA[</br>&nbsp;&nbsp;&nbsp;&nbsp;  -> Click on 'Ready to Upload' Button.</br>]]>
    </line>
    <line>
      <![CDATA[</br>&nbsp;&nbsp;&nbsp;&nbsp;  -> Upload any Document.</br>]]>
    </line>
    <line>
      <![CDATA[</br>&nbsp;&nbsp;&nbsp;&nbsp;  -> Click on Upload Now button to upload the Document.</br>]]>
    </line>
    <line>
      <![CDATA[<h3><b style='color:#E27A12'>&nbsp;&nbsp;&nbsp;  Verify that 'Optional' state has changed to 'File Uploaded'.</h3></b>]]>
    </line>
    <line>
      <![CDATA[<strong> <h3 style="color:DarkGreen">  &#10004; <i>  SUCCESSFUL </i></h3> </strong> ]]>
    </line>
    <line>
      <![CDATA[<br><strong>Step 65 Click on 'Submit loan documents' to submit signed loan document.</strong></br>]]>
    </line>
    <line>
      <![CDATA[<h3><b style='color:#1466B8'>&nbsp;&nbsp;&nbsp; Verify Thank you message for borrower.</h3></b>]]>
    </line>
    <line>
      <![CDATA[<strong> <h3 style="color:DarkGreen">  &#10004; <i>  SUCCESSFUL </i></h3> </strong> ]]>
    </line>
    <line>
      <![CDATA[<h3><b style='color:#1466B8'>&nbsp;&nbsp;&nbsp;Verify that Borrower has received an email notification after completion of 3 signer process.</h3></b>]]>
    </line>
    <line>
      <![CDATA[<br><strong>  -> Open Mailinator to check if user has received package created notification.</strong></br>]]>
    </line>
    <line>
      <![CDATA[<br><strong>  -> Enter test email address for Borrower: auto_JMJEzGqybFJJSzRiHevq</strong></br>]]>
    </line>
    <line>
      <![CDATA[<strong> <h3 style="color:DarkGreen">  &#10004; <i>  SUCCESSFUL </i></h3> </strong> ]]>
    </line>
    <line>
      <![CDATA[<h3><b style='color:#1466B8'>&nbsp;&nbsp;&nbsp;Verify that Guarantor has received an email notification after completion of 3 signer process.</h3></b>]]>
    </line>
    <line>
      <![CDATA[<br><strong>  -> Open Mailinator to check if user has received package created notification.</strong></br>]]>
    </line>
    <line>
      <![CDATA[<br><strong>  -> Enter test email address for Guarantor : auto_G_gPuxVSQiOqwnnJXEWepT</strong></br>]]>
    </line>
    <line>
      <![CDATA[<strong> <h3 style="color:DarkGreen">  &#10004; <i>  SUCCESSFUL </i></h3> </strong> ]]>
    </line>
    <line>
      <![CDATA[<h3><b style='color:#1466B8'>&nbsp;&nbsp;&nbsp;Verify that Relationship Manager has received an email notification after completion of 3 signer process.</h3></b>]]>
    </line>
    <line>
      <![CDATA[<br><strong>  -> Open Mailinator to check if user has received package created notification.</strong></br>]]>
    </line>
    <line>
      <![CDATA[<br><strong>  -> Enter test email address for Relationship Manager: auto_R_SAAgGiBZeQixgkgfBwkT</strong></br>]]>
    </line>
    <line>
      <![CDATA[<strong> <h3 style="color:DarkGreen">  &#10004; <i>  SUCCESSFUL </i></h3> </strong> ]]>
    </line>
    <line>
      <![CDATA[<strong> <h3 style="color:DarkViolet"> TC_DB_03: Verify E2E workflow for package creation and upload signed document with two signer.</h3> </strong>]]>
    </line>
    <line>
      <![CDATA[<br><strong>Step 1 Enter Username.</strong></br>]]>
    </line>
    <line>
      <![CDATA[</br>&nbsp;&nbsp;&nbsp;&nbsp;  -> Username entered: sy1-dev09-owner@e-signsolutions.com</br>]]>
    </line>
    <line>
      <![CDATA[<br><strong>Step 2 Enter Password.</strong></br>]]>
    </line>
    <line>
      <![CDATA[</br>&nbsp;&nbsp;&nbsp;&nbsp;  -> Password entered: N#abe7dd95b55c1d635349395d8d9244</br>]]>
    </line>
    <line>
      <![CDATA[<br><strong>Step 3 Click on Login button.</strong></br>]]>
    </line>
    <line>
      <![CDATA[<h3><b style='color:#1466B8'>&nbsp;&nbsp;&nbsp;Verify user has logged in successfuly.</h3></b>]]>
    </line>
    <line>
      <![CDATA[</br>&nbsp;&nbsp;&nbsp;&nbsp;Welcome DEV09 Account</br>]]>
    </line>
    <line>
      <![CDATA[<strong> <h3 style="color:DarkGreen">  &#10004; <i>  SUCCESSFUL </i></h3> </strong> ]]>
    </line>
    <line>
      <![CDATA[<br><strong>Step 4 Select workflow from dropdown.</strong></br>]]>
    </line>
    <line>
      <![CDATA[<br><strong>Step 5 Click on 'Create' Button.</strong></br>]]>
    </line>
    <line>
      <![CDATA[<br><strong>Step 6 Enter 'Borrower 1:' details to create package.</strong></br>]]>
    </line>
    <line>
      <![CDATA[</br>&nbsp;&nbsp;&nbsp;&nbsp;  -> Internl Reference: Reference_CwsIc</br>]]>
    </line>
    <line>
      <![CDATA[</br>&nbsp;&nbsp;&nbsp;&nbsp;  -> First Name: autoFnamehJPoggKhPy</br>]]>
    </line>
    <line>
      <![CDATA[</br>&nbsp;&nbsp;&nbsp;&nbsp;  -> Last Name: autoLnameIMufuvbYRN</br>]]>
    </line>
    <line>
      <![CDATA[</br>&nbsp;&nbsp;&nbsp;&nbsp;  -> Email : auto_HZIFiBtlthcvRchiucBW@mailinator.com</br>]]>
    </line>
    <line>
      <![CDATA[</br>&nbsp;&nbsp;&nbsp;&nbsp;  -> Mobile Number : +61444444444</br>]]>
    </line>
    <line>
      <![CDATA[<br><strong>Step 7 Choose any random WAFR Attachments.</strong></br>]]>
    </line>
    <line>
      <![CDATA[</br>&nbsp;&nbsp;&nbsp;&nbsp;  -> 3 Attachments going to be select.</br>]]>
    </line>
    <line>
      <![CDATA[</br>&nbsp;&nbsp;&nbsp;&nbsp;  -> Transfer of Land</br>]]>
    </line>
    <line>
      <![CDATA[</br>&nbsp;&nbsp;&nbsp;&nbsp;  -> Certificate of Insurance 1</br>]]>
    </line>
    <line>
      <![CDATA[</br>&nbsp;&nbsp;&nbsp;&nbsp;  -> Certificate of Insurance 3</br>]]>
    </line>
    <line>
      <![CDATA[<br><strong>Step 8 Enter 'Relationship Manager:' details to create package.</strong></br>]]>
    </line>
    <line>
      <![CDATA[</br>&nbsp;&nbsp;&nbsp;&nbsp;  -> Select Relationship Manager Check box to enter details.</br>]]>
    </line>
    <line>
      <![CDATA[</br>&nbsp;&nbsp;&nbsp;&nbsp;  -> Relationship Manager First Name: autoRFnamelbtjOBuLzv</br>]]>
    </line>
    <line>
      <![CDATA[</br>&nbsp;&nbsp;&nbsp;&nbsp;  -> Relationship Manager Last Name: autoRLnamenvHtcfiKMC</br>]]>
    </line>
    <line>
      <![CDATA[</br>&nbsp;&nbsp;&nbsp;&nbsp;  -> Relationship Manager Email : auto_R_qTSvsUZjlSlOsOXZFYCZ@mailinator.com</br>]]>
    </line>
    <line>
      <![CDATA[</br>&nbsp;&nbsp;&nbsp;&nbsp;  -> Relationship Manager Mobile Number : +61444444444</br>]]>
    </line>
    <line>
      <![CDATA[<br><strong>Step 9 Choose any random WAFR Attachments for Relationship Manager.</strong></br>]]>
    </line>
    <line>
      <![CDATA[</br>&nbsp;&nbsp;&nbsp;&nbsp;  -> Selected WAFR Attachment: </br>]]>
    </line>
    <line>
      <![CDATA[<br><strong>Step 10 Click on Create Button to Create Package.</strong></br>]]>
    </line>
    <line>
      <![CDATA[<br><strong>Step 11 Choose 'Cloude Services Agreement' checkbox to upload contract document.</strong></br>]]>
    </line>
    <line>
      <![CDATA[<br><strong>Step 12 Upload any agreenment file template</strong></br>]]>
    </line>
    <line>
      <![CDATA[<br><strong>Step 13 Click on 'Send Package' button.</strong></br>]]>
    </line>
    <line>
      <![CDATA[<h3><b style='color:#1466B8'>&nbsp;&nbsp;&nbsp;Verify that package has successfully created and found in package table.</h3></b>]]>
    </line>
    <line>
      <![CDATA[</br>&nbsp;&nbsp;&nbsp;&nbsp;Reference_CwsIc</br>]]>
    </line>
    <line>
      <![CDATA[</br>&nbsp;&nbsp;&nbsp;&nbsp;Reference_CwsIc</br>]]>
    </line>
    <line>
      <![CDATA[<strong> <h3 style="color:DarkGreen">  &#10004; <i>  SUCCESSFUL </i></h3> </strong> ]]>
    </line>
    <line>
      <![CDATA[</br>&nbsp;&nbsp;&nbsp;&nbsp;==============================================<br><b><h2> &nbsp;&nbsp; Complete sign document process for Borrower.</h2></b>&nbsp;&nbsp;==============================================<br></br>]]>
    </line>
    <line>
      <![CDATA[<br><strong>Step 14 Open Mailinator to check if user has received package created notification.</strong></br>]]>
    </line>
    <line>
      <![CDATA[<br><strong>Step 15 Enter test email address.</strong></br>]]>
    </line>
    <line>
      <![CDATA[<br><strong>Step 16 Click on email notiction received from 'ACME Business Banking'.</strong></br>]]>
    </line>
    <line>
      <![CDATA[<br><strong>Step 17 Click on 'Go to My documents' button to navigate Dashboard.</strong></br>]]>
    </line>
    <line>
      <![CDATA[<br><strong>Step 18 Navigate to other tab and accept Consent.</strong></br>]]>
    </line>
    <line>
      <![CDATA[<br><strong>Step 19 Click on 'Request SMS Authentication Code' button.</strong></br>]]>
    </line>
    <line>
      <![CDATA[<br><strong>Step 20 Enter SMS Code.</strong></br>]]>
    </line>
    <line>
      <![CDATA[<br><strong>Step 21 Click on Authenticate button to verify SMS Code.</strong></br>]]>
    </line>
    <line>
      <![CDATA[<h3><b style='color:#1466B8'>&nbsp;&nbsp;&nbsp;Verify that user navigates to 'Documents Portal'.</h3></b>]]>
    </line>
    <line>
      <![CDATA[</br>&nbsp;&nbsp;&nbsp;&nbsp;  ->Verify Borrower is navigated to portal.</br>]]>
    </line>
    <line>
      <![CDATA[<strong> <h3 style="color:DarkGreen">  &#10004; <i>  SUCCESSFUL </i></h3> </strong> ]]>
    </line>
    <line>
      <![CDATA[<br><strong>Step 22 Click on 'View Document' of 'Product Disclosure Statement'.</strong></br>]]>
    </line>
    <line>
      <![CDATA[<br><strong>Step 23 Click on 'Back to loan documents portal' button of 'Product Disclosure Statement'.</strong></br>]]>
    </line>
    <line>
      <![CDATA[<h3><b style='color:#1466B8'>&nbsp;&nbsp;&nbsp;Verify that 'Not Viewed' state has been changed to 'Viewed'.</h3></b>]]>
    </line>
    <line>
      <![CDATA[<strong> <h3 style="color:DarkGreen">  &#10004; <i>  SUCCESSFUL </i></h3> </strong> ]]>
    </line>
    <line>
      <![CDATA[<br><strong>Step 24 Click on 'Sign Online' button.</strong></br>]]>
    </line>
    <line>
      <![CDATA[<br><strong>Step 25 Click on Down Arrow button move at the end of document.</strong></br>]]>
    </line>
    <line>
      <![CDATA[<br><strong>Step 26 Click on 'Click to Sign' check mark area.</strong></br>]]>
    </line>
    <line>
      <![CDATA[<br><strong>Step 27 Click on 'Ok' to accept confirmation</strong></br>]]>
    </line>
    <line>
      <![CDATA[<br><strong>Step 28 Click on 'Return to Home' button to navigate back to Portal.</strong></br>]]>
    </line>
    <line>
      <![CDATA[<h3><b style='color:#1466B8'>&nbsp;&nbsp;&nbsp;Verify that 'eSign documents' status changed to 'Signed'.</h3></b>]]>
    </line>
    <line>
      <![CDATA[<strong> <h3 style="color:DarkGreen">  &#10004; <i>  SUCCESSFUL </i></h3> </strong> ]]>
    </line>
    <line>
      <![CDATA[<br><strong>Step 29 Upload Print and Signed WFAR Documents.</strong></br>]]>
    </line>
    <line>
      <![CDATA[</br>&nbsp;&nbsp;&nbsp;&nbsp;  --- 3 Documents are avaiable to upload. ---</br>]]>
    </line>
    <line>
      <![CDATA[</br>&nbsp;&nbsp;&nbsp;&nbsp;  -> Document <b>Transfer of Land Optional</b> is going to be upload.</br>]]>
    </line>
    <line>
      <![CDATA[</br>&nbsp;&nbsp;&nbsp;&nbsp;  -> Clicked on Upload button.</br>]]>
    </line>
    <line>
      <![CDATA[</br>&nbsp;&nbsp;&nbsp;&nbsp;  -> Check the 'I have printed, signed and scanned all pages of the document' checkbox.</br>]]>
    </line>
    <line>
      <![CDATA[</br>&nbsp;&nbsp;&nbsp;&nbsp;  -> Click on 'Ready to Upload' Button.</br>]]>
    </line>
    <line>
      <![CDATA[</br>&nbsp;&nbsp;&nbsp;&nbsp;  -> Upload any Document.</br>]]>
    </line>
    <line>
      <![CDATA[</br>&nbsp;&nbsp;&nbsp;&nbsp;  -> Click on Upload Now button to upload the Document.</br>]]>
    </line>
    <line>
      <![CDATA[<h3><b style='color:#E27A12'>&nbsp;&nbsp;&nbsp;  Verify that 'Optional' state has changed to 'File Uploaded'.</h3></b>]]>
    </line>
    <line>
      <![CDATA[<strong> <h3 style="color:DarkGreen">  &#10004; <i>  SUCCESSFUL </i></h3> </strong> ]]>
    </line>
    <line>
      <![CDATA[</br>&nbsp;&nbsp;&nbsp;&nbsp;  -> Document <b>Certificate of Insurance 1 Optional</b> is going to be upload.</br>]]>
    </line>
    <line>
      <![CDATA[</br>&nbsp;&nbsp;&nbsp;&nbsp;  -> Clicked on Upload button.</br>]]>
    </line>
    <line>
      <![CDATA[</br>&nbsp;&nbsp;&nbsp;&nbsp;  -> Check the 'I have printed, signed and scanned all pages of the document' checkbox.</br>]]>
    </line>
    <line>
      <![CDATA[</br>&nbsp;&nbsp;&nbsp;&nbsp;  -> Click on 'Ready to Upload' Button.</br>]]>
    </line>
    <line>
      <![CDATA[</br>&nbsp;&nbsp;&nbsp;&nbsp;  -> Upload any Document.</br>]]>
    </line>
    <line>
      <![CDATA[</br>&nbsp;&nbsp;&nbsp;&nbsp;  -> Click on Upload Now button to upload the Document.</br>]]>
    </line>
    <line>
      <![CDATA[<h3><b style='color:#E27A12'>&nbsp;&nbsp;&nbsp;  Verify that 'Optional' state has changed to 'File Uploaded'.</h3></b>]]>
    </line>
    <line>
      <![CDATA[<strong> <h3 style="color:DarkGreen">  &#10004; <i>  SUCCESSFUL </i></h3> </strong> ]]>
    </line>
    <line>
      <![CDATA[</br>&nbsp;&nbsp;&nbsp;&nbsp;  -> Document <b>Certificate of Insurance 3 Optional</b> is going to be upload.</br>]]>
    </line>
    <line>
      <![CDATA[</br>&nbsp;&nbsp;&nbsp;&nbsp;  -> Clicked on Upload button.</br>]]>
    </line>
    <line>
      <![CDATA[</br>&nbsp;&nbsp;&nbsp;&nbsp;  -> Check the 'I have printed, signed and scanned all pages of the document' checkbox.</br>]]>
    </line>
    <line>
      <![CDATA[</br>&nbsp;&nbsp;&nbsp;&nbsp;  -> Click on 'Ready to Upload' Button.</br>]]>
    </line>
    <line>
      <![CDATA[</br>&nbsp;&nbsp;&nbsp;&nbsp;  -> Upload any Document.</br>]]>
    </line>
    <line>
      <![CDATA[</br>&nbsp;&nbsp;&nbsp;&nbsp;  -> Click on Upload Now button to upload the Document.</br>]]>
    </line>
    <line>
      <![CDATA[<h3><b style='color:#E27A12'>&nbsp;&nbsp;&nbsp;  Verify that 'Optional' state has changed to 'File Uploaded'.</h3></b>]]>
    </line>
    <line>
      <![CDATA[<strong> <h3 style="color:DarkGreen">  &#10004; <i>  SUCCESSFUL </i></h3> </strong> ]]>
    </line>
    <line>
      <![CDATA[<br><strong>Step 30 Click on 'Submit loan documents' to submit signed loan document.</strong></br>]]>
    </line>
    <line>
      <![CDATA[<h3><b style='color:#1466B8'>&nbsp;&nbsp;&nbsp; Verify Thank you message for borrower.</h3></b>]]>
    </line>
    <line>
      <![CDATA[<strong> <h3 style="color:DarkGreen">  &#10004; <i>  SUCCESSFUL </i></h3> </strong> ]]>
    </line>
    <line>
      <![CDATA[</br>&nbsp;&nbsp;&nbsp;&nbsp;==============================================<br><b><h2> &nbsp;&nbsp;Complete sign document process for Relationship Manager.</h2></b>&nbsp;&nbsp;==============================================<br></br>]]>
    </line>
    <line>
      <![CDATA[<br><strong>Step 31 Open Mailinator to check if user has received package created notification.</strong></br>]]>
    </line>
    <line>
      <![CDATA[<br><strong>Step 32 Enter test email address.</strong></br>]]>
    </line>
    <line>
      <![CDATA[<br><strong>Step 33 Click on email notiction received from 'ACME Business Banking'.</strong></br>]]>
    </line>
    <line>
      <![CDATA[<br><strong>Step 34 Click on 'Go to My documents' button to navigate Dashboard.</strong></br>]]>
    </line>
    <line>
      <![CDATA[<br><strong>Step 35 Navigate to other tab and accept Consent.</strong></br>]]>
    </line>
    <line>
      <![CDATA[<br><strong>Step 36 Click on 'Request SMS Authentication Code' button.</strong></br>]]>
    </line>
    <line>
      <![CDATA[<br><strong>Step 37 Enter SMS Code.</strong></br>]]>
    </line>
    <line>
      <![CDATA[<br><strong>Step 38 Click on Authenticate button to verify SMS Code.</strong></br>]]>
    </line>
    <line>
      <![CDATA[<h3><b style='color:#1466B8'>&nbsp;&nbsp;&nbsp;Verify that user navigates to 'Documents Portal'.</h3></b>]]>
    </line>
    <line>
      <![CDATA[</br>&nbsp;&nbsp;&nbsp;&nbsp;  ->Verify Relationship Manager is navigated to portal.</br>]]>
    </line>
    <line>
      <![CDATA[<strong> <h3 style="color:DarkGreen">  &#10004; <i>  SUCCESSFUL </i></h3> </strong> ]]>
    </line>
    <line>
      <![CDATA[<br><strong>Step 39 Click on 'View Document' of 'Product Disclosure Statement'.</strong></br>]]>
    </line>
    <line>
      <![CDATA[<br><strong>Step 40 Click on 'Back to loan documents portal' button of 'Product Disclosure Statement'.</strong></br>]]>
    </line>
    <line>
      <![CDATA[<h3><b style='color:#1466B8'>&nbsp;&nbsp;&nbsp;Verify that 'Not Viewed' state has been changed to 'Viewed'.</h3></b>]]>
    </line>
    <line>
      <![CDATA[<strong> <h3 style="color:DarkGreen">  &#10004; <i>  SUCCESSFUL </i></h3> </strong> ]]>
    </line>
    <line>
      <![CDATA[<br><strong>Step 41 Click on 'Sign Online' button.</strong></br>]]>
    </line>
    <line>
      <![CDATA[<br><strong>Step 42 Click on Down Arrow button move at the end of document.</strong></br>]]>
    </line>
    <line>
      <![CDATA[<br><strong>Step 43 Click on 'Click to Sign' check mark area.</strong></br>]]>
    </line>
    <line>
      <![CDATA[<br><strong>Step 44 Click on 'Ok' to accept confirmation</strong></br>]]>
    </line>
    <line>
      <![CDATA[<br><strong>Step 45 Click on 'Return to Home' button to navigate back to Portal.</strong></br>]]>
    </line>
    <line>
      <![CDATA[<h3><b style='color:#1466B8'>&nbsp;&nbsp;&nbsp;Verify that 'eSign documents' status changed to 'Signed'.</h3></b>]]>
    </line>
    <line>
      <![CDATA[<strong> <h3 style="color:DarkGreen">  &#10004; <i>  SUCCESSFUL </i></h3> </strong> ]]>
    </line>
    <line>
      <![CDATA[<br><strong>Step 46 Upload Print and Signed WFAR Documents.</strong></br>]]>
    </line>
    <line>
      <![CDATA[</br>&nbsp;&nbsp;&nbsp;&nbsp;  --- 1 Documents are avaiable to upload. ---</br>]]>
    </line>
    <line>
      <![CDATA[</br>&nbsp;&nbsp;&nbsp;&nbsp;  -> Document <b>DCC Optional</b> is going to be upload.</br>]]>
    </line>
    <line>
      <![CDATA[</br>&nbsp;&nbsp;&nbsp;&nbsp;  -> Clicked on Upload button.</br>]]>
    </line>
    <line>
      <![CDATA[</br>&nbsp;&nbsp;&nbsp;&nbsp;  -> Check the 'I have printed, signed and scanned all pages of the document' checkbox.</br>]]>
    </line>
    <line>
      <![CDATA[</br>&nbsp;&nbsp;&nbsp;&nbsp;  -> Click on 'Ready to Upload' Button.</br>]]>
    </line>
    <line>
      <![CDATA[</br>&nbsp;&nbsp;&nbsp;&nbsp;  -> Upload any Document.</br>]]>
    </line>
    <line>
      <![CDATA[</br>&nbsp;&nbsp;&nbsp;&nbsp;  -> Click on Upload Now button to upload the Document.</br>]]>
    </line>
    <line>
      <![CDATA[<h3><b style='color:#E27A12'>&nbsp;&nbsp;&nbsp;  Verify that 'Optional' state has changed to 'File Uploaded'.</h3></b>]]>
    </line>
    <line>
      <![CDATA[<strong> <h3 style="color:DarkGreen">  &#10004; <i>  SUCCESSFUL </i></h3> </strong> ]]>
    </line>
    <line>
      <![CDATA[<br><strong>Step 47 Click on 'Submit loan documents' to submit signed loan document.</strong></br>]]>
    </line>
    <line>
      <![CDATA[<h3><b style='color:#1466B8'>&nbsp;&nbsp;&nbsp; Verify Thank you message for borrower.</h3></b>]]>
    </line>
    <line>
      <![CDATA[<strong> <h3 style="color:DarkGreen">  &#10004; <i>  SUCCESSFUL </i></h3> </strong> ]]>
    </line>
    <line>
      <![CDATA[<h3><b style='color:#1466B8'>&nbsp;&nbsp;&nbsp;Verify that Borrower has received an email notification after completion of 3 signer process.</h3></b>]]>
    </line>
    <line>
      <![CDATA[<br><strong>  -> Open Mailinator to check if user has received package created notification.</strong></br>]]>
    </line>
    <line>
      <![CDATA[<br><strong>  -> Enter test email address for Borrower: auto_HZIFiBtlthcvRchiucBW</strong></br>]]>
    </line>
    <line>
      <![CDATA[<strong> <h3 style="color:DarkGreen">  &#10004; <i>  SUCCESSFUL </i></h3> </strong> ]]>
    </line>
    <line>
      <![CDATA[<h3><b style='color:#1466B8'>&nbsp;&nbsp;&nbsp;Verify that Relationship Manager has received an email notification after completion of 3 signer process.</h3></b>]]>
    </line>
    <line>
      <![CDATA[<br><strong>  -> Open Mailinator to check if user has received package created notification.</strong></br>]]>
    </line>
    <line>
      <![CDATA[<br><strong>  -> Enter test email address for Relationship Manager: auto_R_qTSvsUZjlSlOsOXZFYCZ</strong></br>]]>
    </line>
    <line>
      <![CDATA[<strong> <h3 style="color:DarkGreen">  &#10004; <i>  SUCCESSFUL </i></h3> </strong> ]]>
    </line>
    <line>
      <![CDATA[<strong> <h3 style="color:DarkViolet"> TC_DB_32: Verify the functionality when only 'required' checkbox is clicked.</h3> </strong>]]>
    </line>
    <line>
      <![CDATA[<br><strong>Step 1 Enter Username.</strong></br>]]>
    </line>
    <line>
      <![CDATA[</br>&nbsp;&nbsp;&nbsp;&nbsp;  -> Username entered: sy1-dev09-owner@e-signsolutions.com</br>]]>
    </line>
    <line>
      <![CDATA[<br><strong>Step 2 Enter Password.</strong></br>]]>
    </line>
    <line>
      <![CDATA[</br>&nbsp;&nbsp;&nbsp;&nbsp;  -> Password entered: N#abe7dd95b55c1d635349395d8d9244</br>]]>
    </line>
    <line>
      <![CDATA[<br><strong>Step 3 Click on Login button.</strong></br>]]>
    </line>
    <line>
      <![CDATA[<h3><b style='color:#1466B8'>&nbsp;&nbsp;&nbsp; Verify user has logged in successfuly.</h3></b>]]>
    </line>
    <line>
      <![CDATA[</br>&nbsp;&nbsp;&nbsp;&nbsp;Welcome DEV09 Account</br>]]>
    </line>
    <line>
      <![CDATA[<strong> <h3 style="color:DarkGreen">  &#10004; <i>  SUCCESSFUL </i></h3> </strong> ]]>
    </line>
    <line>
      <![CDATA[<br><strong>Step 4 Select workflow from dropdown.</strong></br>]]>
    </line>
    <line>
      <![CDATA[<br><strong>Step 5 Click on 'Create' Button.</strong></br>]]>
    </line>
    <line>
      <![CDATA[<br><strong>Step 6 Enter Borrower details to create package.</strong></br>]]>
    </line>
    <line>
      <![CDATA[</br>&nbsp;&nbsp;&nbsp;&nbsp;  -> Internl Reference: Reference_ztWte</br>]]>
    </line>
    <line>
      <![CDATA[</br>&nbsp;&nbsp;&nbsp;&nbsp;  -> First Name: autoFnamevlqwtMaLQG</br>]]>
    </line>
    <line>
      <![CDATA[</br>&nbsp;&nbsp;&nbsp;&nbsp;  -> Last Name: autoLnamemUyyWHUYFA</br>]]>
    </line>
    <line>
      <![CDATA[</br>&nbsp;&nbsp;&nbsp;&nbsp;  -> Email : auto_jaRLGGEqvhsROtSxGKSu@mailinator.com</br>]]>
    </line>
    <line>
      <![CDATA[</br>&nbsp;&nbsp;&nbsp;&nbsp;  -> Mobile Number : +61444444444</br>]]>
    </line>
    <line>
      <![CDATA[<br><strong>Step 7 Choose any random Required Attachments.</strong></br>]]>
    </line>
    <line>
      <![CDATA[</br>&nbsp;&nbsp;&nbsp;&nbsp;  -> 2 Attachments going to be select.</br>]]>
    </line>
    <line>
      <![CDATA[</br>&nbsp;&nbsp;&nbsp;&nbsp;  -> Transfer of Land</br>]]>
    </line>
    <line>
      <![CDATA[</br>&nbsp;&nbsp;&nbsp;&nbsp;  -> Certificate of Insurance 1</br>]]>
    </line>
    <line>
      <![CDATA[<br><strong>Step 8 Click on Create Button to Create Package.</strong></br>]]>
    </line>
    <line>
      <![CDATA[<br><strong>Step 9 Choose 'Cloude Services Agreement' checkbox to upload contract document.</strong></br>]]>
    </line>
    <line>
      <![CDATA[<br><strong>Step 10 Upload any agreenment file template</strong></br>]]>
    </line>
    <line>
      <![CDATA[<br><strong>Step 11 Click on 'Send Package' button.</strong></br>]]>
    </line>
    <line>
      <![CDATA[<h3><b style='color:#1466B8'>&nbsp;&nbsp;&nbsp;Verify that package has successfully created and found in package table.</h3></b>]]>
    </line>
    <line>
      <![CDATA[</br>&nbsp;&nbsp;&nbsp;&nbsp;Reference_ztWte</br>]]>
    </line>
    <line>
      <![CDATA[</br>&nbsp;&nbsp;&nbsp;&nbsp;Reference_ztWte</br>]]>
    </line>
    <line>
      <![CDATA[<strong> <h3 style="color:DarkGreen">  &#10004; <i>  SUCCESSFUL </i></h3> </strong> ]]>
    </line>
    <line>
      <![CDATA[<br><strong>Step 12 Open Mailinator to check if user has received package created notification.</strong></br>]]>
    </line>
    <line>
      <![CDATA[<br><strong>Step 13 Enter test email address.</strong></br>]]>
    </line>
    <line>
      <![CDATA[<br><strong>Step 14 Click on email notiction received from 'ACME Business Banking'.</strong></br>]]>
    </line>
    <line>
      <![CDATA[<br><strong>Step 15 Click on 'Go to My documents' button to navigate Dashboard.</strong></br>]]>
    </line>
    <line>
      <![CDATA[<br><strong>Step 16 Navigate to other tab and accept Consent.</strong></br>]]>
    </line>
    <line>
      <![CDATA[<br><strong>Step 17 Click on 'Request SMS Authentication Code' button.</strong></br>]]>
    </line>
    <line>
      <![CDATA[<br><strong>Step 18 Enter SMS Code.</strong></br>]]>
    </line>
    <line>
      <![CDATA[<br><strong>Step 19 Click on Authenticate button to verify SMS Code.</strong></br>]]>
    </line>
    <line>
      <![CDATA[<h3><b style='color:#1466B8'>&nbsp;&nbsp;&nbsp;Verify that user navigates to 'Documents Portal'.</h3></b>]]>
    </line>
    <line>
      <![CDATA[</br>&nbsp;&nbsp;&nbsp;&nbsp;  ->Verify Borrower is navigated to portal.</br>]]>
    </line>
    <line>
      <![CDATA[<strong> <h3 style="color:DarkGreen">  &#10004; <i>  SUCCESSFUL </i></h3> </strong> ]]>
    </line>
    <line>
      <![CDATA[<br><strong>Step 20 Click on 'View Document' of 'Product Disclosure Statement'.</strong></br>]]>
    </line>
    <line>
      <![CDATA[<br><strong>Step 21 Click on 'Back to loan documents portal' button of 'Product Disclosure Statement'.</strong></br>]]>
    </line>
    <line>
      <![CDATA[<h3><b style='color:#1466B8'>&nbsp;&nbsp;&nbsp;Verify that 'Not Viewed' state has been changed to 'Viewed'.</h3></b>]]>
    </line>
    <line>
      <![CDATA[<strong> <h3 style="color:DarkGreen">  &#10004; <i>  SUCCESSFUL </i></h3> </strong> ]]>
    </line>
    <line>
      <![CDATA[<br><strong>Step 22 Click on 'Sign Online' button.</strong></br>]]>
    </line>
    <line>
      <![CDATA[<br><strong>Step 23 Click on Down Arrow button move at the end of document.</strong></br>]]>
    </line>
    <line>
      <![CDATA[<br><strong>Step 24 Click on 'Click to Sign' check mark area.</strong></br>]]>
    </line>
    <line>
      <![CDATA[<br><strong>Step 25 Click on 'Ok' to accept confirmation</strong></br>]]>
    </line>
    <line>
      <![CDATA[<br><strong>Step 26 Click on 'Return to Home' button to navigate back to Portal.</strong></br>]]>
    </line>
    <line>
      <![CDATA[<h3><b style='color:#1466B8'>&nbsp;&nbsp;&nbsp;Verify that 'eSign documents' status changed to 'Signed'.</h3></b>]]>
    </line>
    <line>
      <![CDATA[<strong> <h3 style="color:DarkGreen">  &#10004; <i>  SUCCESSFUL </i></h3> </strong> ]]>
    </line>
    <line>
      <![CDATA[<br><strong>Step 27 Upload Print and Signed WFAR Documents.</strong></br>]]>
    </line>
    <line>
      <![CDATA[</br>&nbsp;&nbsp;&nbsp;&nbsp;  --- 2 Documents are avaiable to upload. ---</br>]]>
    </line>
    <line>
      <![CDATA[</br>&nbsp;&nbsp;&nbsp;&nbsp;  -> Document <b>Transfer of Land Incomplete</b> is going to be upload.</br>]]>
    </line>
    <line>
      <![CDATA[</br>&nbsp;&nbsp;&nbsp;&nbsp;  -> Cilcked on Upload button.</br>]]>
    </line>
    <line>
      <![CDATA[</br>&nbsp;&nbsp;&nbsp;&nbsp;  -> Check the 'I have printed, signed and scanned all pages of the document' checkbox.</br>]]>
    </line>
    <line>
      <![CDATA[</br>&nbsp;&nbsp;&nbsp;&nbsp;  -> Click on 'Ready to Upload' Button.</br>]]>
    </line>
    <line>
      <![CDATA[</br>&nbsp;&nbsp;&nbsp;&nbsp;  -> Upload any Document.</br>]]>
    </line>
    <line>
      <![CDATA[</br>&nbsp;&nbsp;&nbsp;&nbsp;  -> Click on Upload Now button to upload the Document.</br>]]>
    </line>
    <line>
      <![CDATA[</br>&nbsp;&nbsp;&nbsp;&nbsp;  -> Click on Cancel button to close existing. </br>]]>
    </line>
    <line>
      <![CDATA[<h3><b style='color:#E27A12'>&nbsp;&nbsp;&nbsp;  Verify that 'Incomplete' state has changed to 'File Uploaded'.</h3></b>]]>
    </line>
    <line>
      <![CDATA[<strong> <h3 style="color:DarkGreen">  &#10004; <i>  SUCCESSFUL </i></h3> </strong> ]]>
    </line>
    <line>
      <![CDATA[</br>&nbsp;&nbsp;&nbsp;&nbsp;  -> Document <b>Certificate of Insurance 1 Incomplete</b> is going to be upload.</br>]]>
    </line>
    <line>
      <![CDATA[</br>&nbsp;&nbsp;&nbsp;&nbsp;  -> Cilcked on Upload button.</br>]]>
    </line>
    <line>
      <![CDATA[</br>&nbsp;&nbsp;&nbsp;&nbsp;  -> Check the 'I have printed, signed and scanned all pages of the document' checkbox.</br>]]>
    </line>
    <line>
      <![CDATA[</br>&nbsp;&nbsp;&nbsp;&nbsp;  -> Click on 'Ready to Upload' Button.</br>]]>
    </line>
    <line>
      <![CDATA[</br>&nbsp;&nbsp;&nbsp;&nbsp;  -> Upload any Document.</br>]]>
    </line>
    <line>
      <![CDATA[</br>&nbsp;&nbsp;&nbsp;&nbsp;  -> Click on Upload Now button to upload the Document.</br>]]>
    </line>
    <line>
      <![CDATA[<h3><b style='color:#E27A12'>&nbsp;&nbsp;&nbsp;  Verify that 'Incomplete' state has changed to 'File Uploaded'.</h3></b>]]>
    </line>
    <line>
      <![CDATA[<strong> <h3 style="color:DarkGreen">  &#10004; <i>  SUCCESSFUL </i></h3> </strong> ]]>
    </line>
    <line>
      <![CDATA[<br><strong>Step 28 Click on 'Submit loan documents' to submit signed loan document.</strong></br>]]>
    </line>
    <line>
      <![CDATA[<h3><b style='color:#1466B8'>&nbsp;&nbsp;&nbsp;Verify Thank you message for borrower.</h3></b>]]>
    </line>
    <line>
      <![CDATA[<strong> <h3 style="color:DarkGreen">  &#10004; <i>  SUCCESSFUL </i></h3> </strong> ]]>
    </line>
  </reporter-output>
  <suite name="TestCleanUp" duration-ms="3235256" started-at="2018-10-26T11:00:54Z" finished-at="2018-10-26T11:54:49Z">
    <groups>
    </groups>
    <test name="TC_DB_02: Verify E2E workflow for package creation and upload signed document for three signer." duration-ms="1561661" started-at="2018-10-26T11:00:54Z" finished-at="2018-10-26T11:26:56Z">
      <class name="com.automation.index.PackageIndex">
        <test-method status="PASS" signature="fetchSuiteConfiguration(org.testng.ITestContext)[pri:0, instance:com.automation.index.PackageIndex@a74868d]" name="fetchSuiteConfiguration" is-config="true" duration-ms="1163" started-at="2018-10-26T11:00:54Z" finished-at="2018-10-26T11:00:55Z">
          <params>
            <param index="0">
              <value>
                <![CDATA[org.testng.TestRunner@5a6499a2]]>
              </value>
            </param>
          </params>
          <reporter-output>
          </reporter-output>
        </test-method> <!-- fetchSuiteConfiguration -->
        <test-method status="PASS" signature="setUp(java.lang.reflect.Method, org.testng.ITestContext)[pri:0, instance:com.automation.index.PackageIndex@a74868d]" name="setUp" is-config="true" duration-ms="27585" started-at="2018-10-26T11:00:55Z" finished-at="2018-10-26T11:01:23Z">
          <params>
            <param index="0">
              <value>
                <![CDATA[public void com.automation.index.PackageIndex.TC_DB_02()]]>
              </value>
            </param>
            <param index="1">
              <value>
                <![CDATA[org.testng.TestRunner@5a6499a2]]>
              </value>
            </param>
          </params>
          <reporter-output>
          </reporter-output>
        </test-method> <!-- setUp -->
        <test-method status="PASS" signature="TC_DB_02()[pri:0, instance:com.automation.index.PackageIndex@a74868d]" name="TC_DB_02" duration-ms="1521396" started-at="2018-10-26T11:01:23Z" finished-at="2018-10-26T11:26:44Z">
          <reporter-output>
            <line>
              <![CDATA[<strong> <h3 style="color:DarkViolet"> TC_DB_02: Verify E2E workflow for package creation and upload signed document for three signer.</h3> </strong>]]>
            </line>
            <line>
              <![CDATA[<br><strong>Step 1 Enter Username.</strong></br>]]>
            </line>
            <line>
              <![CDATA[</br>&nbsp;&nbsp;&nbsp;&nbsp;  -> Username entered: sy1-dev09-owner@e-signsolutions.com</br>]]>
            </line>
            <line>
              <![CDATA[<br><strong>Step 2 Enter Password.</strong></br>]]>
            </line>
            <line>
              <![CDATA[</br>&nbsp;&nbsp;&nbsp;&nbsp;  -> Password entered: N#abe7dd95b55c1d635349395d8d9244</br>]]>
            </line>
            <line>
              <![CDATA[<br><strong>Step 3 Click on Login button.</strong></br>]]>
            </line>
            <line>
              <![CDATA[<h3><b style='color:#1466B8'>&nbsp;&nbsp;&nbsp;Verify user has logged in successfuly.</h3></b>]]>
            </line>
            <line>
              <![CDATA[</br>&nbsp;&nbsp;&nbsp;&nbsp;Welcome DEV09 Account</br>]]>
            </line>
            <line>
              <![CDATA[<strong> <h3 style="color:DarkGreen">  &#10004; <i>  SUCCESSFUL </i></h3> </strong> ]]>
            </line>
            <line>
              <![CDATA[<br><strong>Step 4 Select workflow from dropdown.</strong></br>]]>
            </line>
            <line>
              <![CDATA[<br><strong>Step 5 Click on 'Create' Button.</strong></br>]]>
            </line>
            <line>
              <![CDATA[<br><strong>Step 6 Enter 'Borrower 1:' details to create package.</strong></br>]]>
            </line>
            <line>
              <![CDATA[</br>&nbsp;&nbsp;&nbsp;&nbsp;  -> Internl Reference: Reference_iXZQQ</br>]]>
            </line>
            <line>
              <![CDATA[</br>&nbsp;&nbsp;&nbsp;&nbsp;  -> First Name: autoFnamevePbgLGtdp</br>]]>
            </line>
            <line>
              <![CDATA[</br>&nbsp;&nbsp;&nbsp;&nbsp;  -> Last Name: autoLnamejoqMmSqdZF</br>]]>
            </line>
            <line>
              <![CDATA[</br>&nbsp;&nbsp;&nbsp;&nbsp;  -> Email : auto_JMJEzGqybFJJSzRiHevq@mailinator.com</br>]]>
            </line>
            <line>
              <![CDATA[</br>&nbsp;&nbsp;&nbsp;&nbsp;  -> Mobile Number : +61444444444</br>]]>
            </line>
            <line>
              <![CDATA[<br><strong>Step 7 Choose any random WAFR Attachments.</strong></br>]]>
            </line>
            <line>
              <![CDATA[</br>&nbsp;&nbsp;&nbsp;&nbsp;  -> 4 Attachments going to be select.</br>]]>
            </line>
            <line>
              <![CDATA[</br>&nbsp;&nbsp;&nbsp;&nbsp;  -> Transfer of Land</br>]]>
            </line>
            <line>
              <![CDATA[</br>&nbsp;&nbsp;&nbsp;&nbsp;  -> Certificate of Insurance 1</br>]]>
            </line>
            <line>
              <![CDATA[</br>&nbsp;&nbsp;&nbsp;&nbsp;  -> Certificate of Insurance 3</br>]]>
            </line>
            <line>
              <![CDATA[</br>&nbsp;&nbsp;&nbsp;&nbsp;  -> DCC</br>]]>
            </line>
            <line>
              <![CDATA[<br><strong>Step 8 Enter 'Guarantor 1:' details to create package.</strong></br>]]>
            </line>
            <line>
              <![CDATA[</br>&nbsp;&nbsp;&nbsp;&nbsp;  -> Select Gurantor 1 Check box to enter details.</br>]]>
            </line>
            <line>
              <![CDATA[</br>&nbsp;&nbsp;&nbsp;&nbsp;  -> Guarantor First Name: autoGFnameQtghxqSWjt</br>]]>
            </line>
            <line>
              <![CDATA[</br>&nbsp;&nbsp;&nbsp;&nbsp;  -> Guarantor Last Name: autoGLnameqhZsFHOtOn</br>]]>
            </line>
            <line>
              <![CDATA[</br>&nbsp;&nbsp;&nbsp;&nbsp;  -> Guarantor Email : auto_G_gPuxVSQiOqwnnJXEWepT@mailinator.com</br>]]>
            </line>
            <line>
              <![CDATA[</br>&nbsp;&nbsp;&nbsp;&nbsp;  -> Guarantor Mobile Number : +61444444444</br>]]>
            </line>
            <line>
              <![CDATA[<br><strong>Step 9 Enter 'Relationship Manager:' details to create package.</strong></br>]]>
            </line>
            <line>
              <![CDATA[</br>&nbsp;&nbsp;&nbsp;&nbsp;  -> Select Relationship Manager Check box to enter details.</br>]]>
            </line>
            <line>
              <![CDATA[</br>&nbsp;&nbsp;&nbsp;&nbsp;  -> Relationship Manager First Name: autoRFnamelkAdOlYHTB</br>]]>
            </line>
            <line>
              <![CDATA[</br>&nbsp;&nbsp;&nbsp;&nbsp;  -> Relationship Manager Last Name: autoRLnamepGmsqWavhO</br>]]>
            </line>
            <line>
              <![CDATA[</br>&nbsp;&nbsp;&nbsp;&nbsp;  -> Relationship Manager Email : auto_R_SAAgGiBZeQixgkgfBwkT@mailinator.com</br>]]>
            </line>
            <line>
              <![CDATA[</br>&nbsp;&nbsp;&nbsp;&nbsp;  -> Relationship Manager Mobile Number : +61444444444</br>]]>
            </line>
            <line>
              <![CDATA[<br><strong>Step 10 Choose any random WAFR Attachments for Relationship Manager.</strong></br>]]>
            </line>
            <line>
              <![CDATA[</br>&nbsp;&nbsp;&nbsp;&nbsp;  -> Selected WAFR Attachment: </br>]]>
            </line>
            <line>
              <![CDATA[<br><strong>Step 11 Click on Create Button to Create Package.</strong></br>]]>
            </line>
            <line>
              <![CDATA[<br><strong>Step 12 Choose 'Cloude Services Agreement' checkbox to upload contract document.</strong></br>]]>
            </line>
            <line>
              <![CDATA[<br><strong>Step 13 Upload any agreenment file template</strong></br>]]>
            </line>
            <line>
              <![CDATA[<br><strong>Step 14 Click on 'Send Package' button.</strong></br>]]>
            </line>
            <line>
              <![CDATA[<h3><b style='color:#1466B8'>&nbsp;&nbsp;&nbsp;Verify that package has successfully created and found in package table.</h3></b>]]>
            </line>
            <line>
              <![CDATA[</br>&nbsp;&nbsp;&nbsp;&nbsp;Reference_iXZQQ</br>]]>
            </line>
            <line>
              <![CDATA[</br>&nbsp;&nbsp;&nbsp;&nbsp;Reference_iXZQQ</br>]]>
            </line>
            <line>
              <![CDATA[<strong> <h3 style="color:DarkGreen">  &#10004; <i>  SUCCESSFUL </i></h3> </strong> ]]>
            </line>
            <line>
              <![CDATA[</br>&nbsp;&nbsp;&nbsp;&nbsp;==============================================<br><b><h2> &nbsp;&nbsp; Complete sign document process for Borrower.</h2></b>&nbsp;&nbsp;==============================================<br></br>]]>
            </line>
            <line>
              <![CDATA[<br><strong>Step 15 Open Mailinator to check if user has received package created notification.</strong></br>]]>
            </line>
            <line>
              <![CDATA[<br><strong>Step 16 Enter test email address.</strong></br>]]>
            </line>
            <line>
              <![CDATA[<br><strong>Step 17 Click on email notiction received from 'ACME Business Banking'.</strong></br>]]>
            </line>
            <line>
              <![CDATA[<br><strong>Step 18 Click on 'Go to My documents' button to navigate Dashboard.</strong></br>]]>
            </line>
            <line>
              <![CDATA[<br><strong>Step 19 Navigate to other tab and accept Consent.</strong></br>]]>
            </line>
            <line>
              <![CDATA[<br><strong>Step 20 Click on 'Request SMS Authentication Code' button.</strong></br>]]>
            </line>
            <line>
              <![CDATA[<br><strong>Step 21 Enter SMS Code.</strong></br>]]>
            </line>
            <line>
              <![CDATA[<br><strong>Step 22 Click on Authenticate button to verify SMS Code.</strong></br>]]>
            </line>
            <line>
              <![CDATA[<h3><b style='color:#1466B8'>&nbsp;&nbsp;&nbsp;Verify that user navigates to 'Documents Portal'.</h3></b>]]>
            </line>
            <line>
              <![CDATA[</br>&nbsp;&nbsp;&nbsp;&nbsp;  ->Verify Borrower is navigated to portal.</br>]]>
            </line>
            <line>
              <![CDATA[<strong> <h3 style="color:DarkGreen">  &#10004; <i>  SUCCESSFUL </i></h3> </strong> ]]>
            </line>
            <line>
              <![CDATA[<br><strong>Step 23 Click on 'View Document' of 'Product Disclosure Statement'.</strong></br>]]>
            </line>
            <line>
              <![CDATA[<br><strong>Step 24 Click on 'Back to loan documents portal' button of 'Product Disclosure Statement'.</strong></br>]]>
            </line>
            <line>
              <![CDATA[<h3><b style='color:#1466B8'>&nbsp;&nbsp;&nbsp;Verify that 'Not Viewed' state has been changed to 'Viewed'.</h3></b>]]>
            </line>
            <line>
              <![CDATA[<strong> <h3 style="color:DarkGreen">  &#10004; <i>  SUCCESSFUL </i></h3> </strong> ]]>
            </line>
            <line>
              <![CDATA[<br><strong>Step 25 Click on 'Sign Online' button.</strong></br>]]>
            </line>
            <line>
              <![CDATA[<br><strong>Step 26 Click on Down Arrow button move at the end of document.</strong></br>]]>
            </line>
            <line>
              <![CDATA[<br><strong>Step 27 Click on 'Click to Sign' check mark area.</strong></br>]]>
            </line>
            <line>
              <![CDATA[<br><strong>Step 28 Click on 'Ok' to accept confirmation</strong></br>]]>
            </line>
            <line>
              <![CDATA[<br><strong>Step 29 Click on 'Return to Home' button to navigate back to Portal.</strong></br>]]>
            </line>
            <line>
              <![CDATA[<h3><b style='color:#1466B8'>&nbsp;&nbsp;&nbsp;Verify that 'eSign documents' status changed to 'Signed'.</h3></b>]]>
            </line>
            <line>
              <![CDATA[<strong> <h3 style="color:DarkGreen">  &#10004; <i>  SUCCESSFUL </i></h3> </strong> ]]>
            </line>
            <line>
              <![CDATA[<br><strong>Step 30 Upload Print and Signed WFAR Documents.</strong></br>]]>
            </line>
            <line>
              <![CDATA[</br>&nbsp;&nbsp;&nbsp;&nbsp;  --- 4 Documents are avaiable to upload. ---</br>]]>
            </line>
            <line>
              <![CDATA[</br>&nbsp;&nbsp;&nbsp;&nbsp;  -> Document <b>Transfer of Land Optional</b> is going to be upload.</br>]]>
            </line>
            <line>
              <![CDATA[</br>&nbsp;&nbsp;&nbsp;&nbsp;  -> Clicked on Upload button.</br>]]>
            </line>
            <line>
              <![CDATA[</br>&nbsp;&nbsp;&nbsp;&nbsp;  -> Check the 'I have printed, signed and scanned all pages of the document' checkbox.</br>]]>
            </line>
            <line>
              <![CDATA[</br>&nbsp;&nbsp;&nbsp;&nbsp;  -> Click on 'Ready to Upload' Button.</br>]]>
            </line>
            <line>
              <![CDATA[</br>&nbsp;&nbsp;&nbsp;&nbsp;  -> Upload any Document.</br>]]>
            </line>
            <line>
              <![CDATA[</br>&nbsp;&nbsp;&nbsp;&nbsp;  -> Click on Upload Now button to upload the Document.</br>]]>
            </line>
            <line>
              <![CDATA[<h3><b style='color:#E27A12'>&nbsp;&nbsp;&nbsp;  Verify that 'Optional' state has changed to 'File Uploaded'.</h3></b>]]>
            </line>
            <line>
              <![CDATA[<strong> <h3 style="color:DarkGreen">  &#10004; <i>  SUCCESSFUL </i></h3> </strong> ]]>
            </line>
            <line>
              <![CDATA[</br>&nbsp;&nbsp;&nbsp;&nbsp;  -> Document <b>Certificate of Insurance 1 Optional</b> is going to be upload.</br>]]>
            </line>
            <line>
              <![CDATA[</br>&nbsp;&nbsp;&nbsp;&nbsp;  -> Clicked on Upload button.</br>]]>
            </line>
            <line>
              <![CDATA[</br>&nbsp;&nbsp;&nbsp;&nbsp;  -> Check the 'I have printed, signed and scanned all pages of the document' checkbox.</br>]]>
            </line>
            <line>
              <![CDATA[</br>&nbsp;&nbsp;&nbsp;&nbsp;  -> Click on 'Ready to Upload' Button.</br>]]>
            </line>
            <line>
              <![CDATA[</br>&nbsp;&nbsp;&nbsp;&nbsp;  -> Upload any Document.</br>]]>
            </line>
            <line>
              <![CDATA[</br>&nbsp;&nbsp;&nbsp;&nbsp;  -> Click on Upload Now button to upload the Document.</br>]]>
            </line>
            <line>
              <![CDATA[<h3><b style='color:#E27A12'>&nbsp;&nbsp;&nbsp;  Verify that 'Optional' state has changed to 'File Uploaded'.</h3></b>]]>
            </line>
            <line>
              <![CDATA[<strong> <h3 style="color:DarkGreen">  &#10004; <i>  SUCCESSFUL </i></h3> </strong> ]]>
            </line>
            <line>
              <![CDATA[</br>&nbsp;&nbsp;&nbsp;&nbsp;  -> Document <b>Certificate of Insurance 3 Optional</b> is going to be upload.</br>]]>
            </line>
            <line>
              <![CDATA[</br>&nbsp;&nbsp;&nbsp;&nbsp;  -> Clicked on Upload button.</br>]]>
            </line>
            <line>
              <![CDATA[</br>&nbsp;&nbsp;&nbsp;&nbsp;  -> Check the 'I have printed, signed and scanned all pages of the document' checkbox.</br>]]>
            </line>
            <line>
              <![CDATA[</br>&nbsp;&nbsp;&nbsp;&nbsp;  -> Click on 'Ready to Upload' Button.</br>]]>
            </line>
            <line>
              <![CDATA[</br>&nbsp;&nbsp;&nbsp;&nbsp;  -> Upload any Document.</br>]]>
            </line>
            <line>
              <![CDATA[</br>&nbsp;&nbsp;&nbsp;&nbsp;  -> Click on Upload Now button to upload the Document.</br>]]>
            </line>
            <line>
              <![CDATA[<h3><b style='color:#E27A12'>&nbsp;&nbsp;&nbsp;  Verify that 'Optional' state has changed to 'File Uploaded'.</h3></b>]]>
            </line>
            <line>
              <![CDATA[<strong> <h3 style="color:DarkGreen">  &#10004; <i>  SUCCESSFUL </i></h3> </strong> ]]>
            </line>
            <line>
              <![CDATA[</br>&nbsp;&nbsp;&nbsp;&nbsp;  -> Document <b>DCC Optional</b> is going to be upload.</br>]]>
            </line>
            <line>
              <![CDATA[</br>&nbsp;&nbsp;&nbsp;&nbsp;  -> Clicked on Upload button.</br>]]>
            </line>
            <line>
              <![CDATA[</br>&nbsp;&nbsp;&nbsp;&nbsp;  -> Check the 'I have printed, signed and scanned all pages of the document' checkbox.</br>]]>
            </line>
            <line>
              <![CDATA[</br>&nbsp;&nbsp;&nbsp;&nbsp;  -> Click on 'Ready to Upload' Button.</br>]]>
            </line>
            <line>
              <![CDATA[</br>&nbsp;&nbsp;&nbsp;&nbsp;  -> Upload any Document.</br>]]>
            </line>
            <line>
              <![CDATA[</br>&nbsp;&nbsp;&nbsp;&nbsp;  -> Click on Upload Now button to upload the Document.</br>]]>
            </line>
            <line>
              <![CDATA[<h3><b style='color:#E27A12'>&nbsp;&nbsp;&nbsp;  Verify that 'Optional' state has changed to 'File Uploaded'.</h3></b>]]>
            </line>
            <line>
              <![CDATA[<strong> <h3 style="color:DarkGreen">  &#10004; <i>  SUCCESSFUL </i></h3> </strong> ]]>
            </line>
            <line>
              <![CDATA[<br><strong>Step 31 Click on 'Submit loan documents' to submit signed loan document.</strong></br>]]>
            </line>
            <line>
              <![CDATA[<h3><b style='color:#1466B8'>&nbsp;&nbsp;&nbsp; Verify Thank you message for borrower.</h3></b>]]>
            </line>
            <line>
              <![CDATA[<strong> <h3 style="color:DarkGreen">  &#10004; <i>  SUCCESSFUL </i></h3> </strong> ]]>
            </line>
            <line>
              <![CDATA[</br>&nbsp;&nbsp;&nbsp;&nbsp;==============================================<br><b><h2> Complete sign document process for Guarantor.</h2></b>==============================================<br></br>]]>
            </line>
            <line>
              <![CDATA[<br><strong>Step 32 Open Mailinator to check if user has received package created notification.</strong></br>]]>
            </line>
            <line>
              <![CDATA[<br><strong>Step 33 Enter test email address.</strong></br>]]>
            </line>
            <line>
              <![CDATA[<br><strong>Step 34 Click on email notiction received from 'ACME Business Banking'.</strong></br>]]>
            </line>
            <line>
              <![CDATA[<br><strong>Step 35 Click on 'Go to My documents' button to navigate Dashboard.</strong></br>]]>
            </line>
            <line>
              <![CDATA[<br><strong>Step 36 Navigate to other tab and accept Consent.</strong></br>]]>
            </line>
            <line>
              <![CDATA[<br><strong>Step 37 Click on 'Request SMS Authentication Code' button.</strong></br>]]>
            </line>
            <line>
              <![CDATA[<br><strong>Step 38 Enter SMS Code.</strong></br>]]>
            </line>
            <line>
              <![CDATA[<br><strong>Step 39 Click on Authenticate button to verify SMS Code.</strong></br>]]>
            </line>
            <line>
              <![CDATA[<h3><b style='color:#1466B8'>&nbsp;&nbsp;&nbsp;Verify that user navigates to 'Documents Portal'.</h3></b>]]>
            </line>
            <line>
              <![CDATA[</br>&nbsp;&nbsp;&nbsp;&nbsp;  ->Verify Guarantor is navigated to portal.</br>]]>
            </line>
            <line>
              <![CDATA[<strong> <h3 style="color:DarkGreen">  &#10004; <i>  SUCCESSFUL </i></h3> </strong> ]]>
            </line>
            <line>
              <![CDATA[<br><strong>Step 40 Click on 'View Document' of 'Product Disclosure Statement'.</strong></br>]]>
            </line>
            <line>
              <![CDATA[<br><strong>Step 41 Click on 'Back to loan documents portal' button of 'Product Disclosure Statement'.</strong></br>]]>
            </line>
            <line>
              <![CDATA[<h3><b style='color:#1466B8'>&nbsp;&nbsp;&nbsp;Verify that 'Not Viewed' state has been changed to 'Viewed'.</h3></b>]]>
            </line>
            <line>
              <![CDATA[<strong> <h3 style="color:DarkGreen">  &#10004; <i>  SUCCESSFUL </i></h3> </strong> ]]>
            </line>
            <line>
              <![CDATA[<br><strong>Step 42 Click on 'Sign Online' button.</strong></br>]]>
            </line>
            <line>
              <![CDATA[<br><strong>Step 43 Click on Down Arrow button move at the end of document.</strong></br>]]>
            </line>
            <line>
              <![CDATA[<br><strong>Step 44 Click on 'Click to Sign' check mark area.</strong></br>]]>
            </line>
            <line>
              <![CDATA[<br><strong>Step 45 Click on 'Ok' to accept confirmation</strong></br>]]>
            </line>
            <line>
              <![CDATA[<br><strong>Step 46 Click on 'Return to Home' button to navigate back to Portal.</strong></br>]]>
            </line>
            <line>
              <![CDATA[<h3><b style='color:#1466B8'>&nbsp;&nbsp;&nbsp;Verify that 'eSign documents' status changed to 'Signed'.</h3></b>]]>
            </line>
            <line>
              <![CDATA[<strong> <h3 style="color:DarkGreen">  &#10004; <i>  SUCCESSFUL </i></h3> </strong> ]]>
            </line>
            <line>
              <![CDATA[<br><strong>Step 47 Upload Print and Signed WFAR Documents.</strong></br>]]>
            </line>
            <line>
              <![CDATA[<br><strong>Step 48 Click on 'Submit loan documents' to submit signed loan document.</strong></br>]]>
            </line>
            <line>
              <![CDATA[<h3><b style='color:#1466B8'>&nbsp;&nbsp;&nbsp; Verify Thank you message for borrower.</h3></b>]]>
            </line>
            <line>
              <![CDATA[<strong> <h3 style="color:DarkGreen">  &#10004; <i>  SUCCESSFUL </i></h3> </strong> ]]>
            </line>
            <line>
              <![CDATA[</br>&nbsp;&nbsp;&nbsp;&nbsp;==============================================<br><b><h2> &nbsp;&nbsp;Complete sign document process for Relationship Manager.</h2></b>&nbsp;&nbsp;==============================================<br></br>]]>
            </line>
            <line>
              <![CDATA[<br><strong>Step 49 Open Mailinator to check if user has received package created notification.</strong></br>]]>
            </line>
            <line>
              <![CDATA[<br><strong>Step 50 Enter test email address.</strong></br>]]>
            </line>
            <line>
              <![CDATA[<br><strong>Step 51 Click on email notiction received from 'ACME Business Banking'.</strong></br>]]>
            </line>
            <line>
              <![CDATA[<br><strong>Step 52 Click on 'Go to My documents' button to navigate Dashboard.</strong></br>]]>
            </line>
            <line>
              <![CDATA[<br><strong>Step 53 Navigate to other tab and accept Consent.</strong></br>]]>
            </line>
            <line>
              <![CDATA[<br><strong>Step 54 Click on 'Request SMS Authentication Code' button.</strong></br>]]>
            </line>
            <line>
              <![CDATA[<br><strong>Step 55 Enter SMS Code.</strong></br>]]>
            </line>
            <line>
              <![CDATA[<br><strong>Step 56 Click on Authenticate button to verify SMS Code.</strong></br>]]>
            </line>
            <line>
              <![CDATA[<h3><b style='color:#1466B8'>&nbsp;&nbsp;&nbsp;Verify that user navigates to 'Documents Portal'.</h3></b>]]>
            </line>
            <line>
              <![CDATA[</br>&nbsp;&nbsp;&nbsp;&nbsp;  ->Verify Relationship Manager is navigated to portal.</br>]]>
            </line>
            <line>
              <![CDATA[<strong> <h3 style="color:DarkGreen">  &#10004; <i>  SUCCESSFUL </i></h3> </strong> ]]>
            </line>
            <line>
              <![CDATA[<br><strong>Step 57 Click on 'View Document' of 'Product Disclosure Statement'.</strong></br>]]>
            </line>
            <line>
              <![CDATA[<br><strong>Step 58 Click on 'Back to loan documents portal' button of 'Product Disclosure Statement'.</strong></br>]]>
            </line>
            <line>
              <![CDATA[<h3><b style='color:#1466B8'>&nbsp;&nbsp;&nbsp;Verify that 'Not Viewed' state has been changed to 'Viewed'.</h3></b>]]>
            </line>
            <line>
              <![CDATA[<strong> <h3 style="color:DarkGreen">  &#10004; <i>  SUCCESSFUL </i></h3> </strong> ]]>
            </line>
            <line>
              <![CDATA[<br><strong>Step 59 Click on 'Sign Online' button.</strong></br>]]>
            </line>
            <line>
              <![CDATA[<br><strong>Step 60 Click on Down Arrow button move at the end of document.</strong></br>]]>
            </line>
            <line>
              <![CDATA[<br><strong>Step 61 Click on 'Click to Sign' check mark area.</strong></br>]]>
            </line>
            <line>
              <![CDATA[<br><strong>Step 62 Click on 'Ok' to accept confirmation</strong></br>]]>
            </line>
            <line>
              <![CDATA[<br><strong>Step 63 Click on 'Return to Home' button to navigate back to Portal.</strong></br>]]>
            </line>
            <line>
              <![CDATA[<h3><b style='color:#1466B8'>&nbsp;&nbsp;&nbsp;Verify that 'eSign documents' status changed to 'Signed'.</h3></b>]]>
            </line>
            <line>
              <![CDATA[<strong> <h3 style="color:DarkGreen">  &#10004; <i>  SUCCESSFUL </i></h3> </strong> ]]>
            </line>
            <line>
              <![CDATA[<br><strong>Step 64 Upload Print and Signed WFAR Documents.</strong></br>]]>
            </line>
            <line>
              <![CDATA[</br>&nbsp;&nbsp;&nbsp;&nbsp;  --- 1 Documents are avaiable to upload. ---</br>]]>
            </line>
            <line>
              <![CDATA[</br>&nbsp;&nbsp;&nbsp;&nbsp;  -> Document <b>DCC Optional</b> is going to be upload.</br>]]>
            </line>
            <line>
              <![CDATA[</br>&nbsp;&nbsp;&nbsp;&nbsp;  -> Clicked on Upload button.</br>]]>
            </line>
            <line>
              <![CDATA[</br>&nbsp;&nbsp;&nbsp;&nbsp;  -> Check the 'I have printed, signed and scanned all pages of the document' checkbox.</br>]]>
            </line>
            <line>
              <![CDATA[</br>&nbsp;&nbsp;&nbsp;&nbsp;  -> Click on 'Ready to Upload' Button.</br>]]>
            </line>
            <line>
              <![CDATA[</br>&nbsp;&nbsp;&nbsp;&nbsp;  -> Upload any Document.</br>]]>
            </line>
            <line>
              <![CDATA[</br>&nbsp;&nbsp;&nbsp;&nbsp;  -> Click on Upload Now button to upload the Document.</br>]]>
            </line>
            <line>
              <![CDATA[<h3><b style='color:#E27A12'>&nbsp;&nbsp;&nbsp;  Verify that 'Optional' state has changed to 'File Uploaded'.</h3></b>]]>
            </line>
            <line>
              <![CDATA[<strong> <h3 style="color:DarkGreen">  &#10004; <i>  SUCCESSFUL </i></h3> </strong> ]]>
            </line>
            <line>
              <![CDATA[<br><strong>Step 65 Click on 'Submit loan documents' to submit signed loan document.</strong></br>]]>
            </line>
            <line>
              <![CDATA[<h3><b style='color:#1466B8'>&nbsp;&nbsp;&nbsp; Verify Thank you message for borrower.</h3></b>]]>
            </line>
            <line>
              <![CDATA[<strong> <h3 style="color:DarkGreen">  &#10004; <i>  SUCCESSFUL </i></h3> </strong> ]]>
            </line>
            <line>
              <![CDATA[<h3><b style='color:#1466B8'>&nbsp;&nbsp;&nbsp;Verify that Borrower has received an email notification after completion of 3 signer process.</h3></b>]]>
            </line>
            <line>
              <![CDATA[<br><strong>  -> Open Mailinator to check if user has received package created notification.</strong></br>]]>
            </line>
            <line>
              <![CDATA[<br><strong>  -> Enter test email address for Borrower: auto_JMJEzGqybFJJSzRiHevq</strong></br>]]>
            </line>
            <line>
              <![CDATA[<strong> <h3 style="color:DarkGreen">  &#10004; <i>  SUCCESSFUL </i></h3> </strong> ]]>
            </line>
            <line>
              <![CDATA[<h3><b style='color:#1466B8'>&nbsp;&nbsp;&nbsp;Verify that Guarantor has received an email notification after completion of 3 signer process.</h3></b>]]>
            </line>
            <line>
              <![CDATA[<br><strong>  -> Open Mailinator to check if user has received package created notification.</strong></br>]]>
            </line>
            <line>
              <![CDATA[<br><strong>  -> Enter test email address for Guarantor : auto_G_gPuxVSQiOqwnnJXEWepT</strong></br>]]>
            </line>
            <line>
              <![CDATA[<strong> <h3 style="color:DarkGreen">  &#10004; <i>  SUCCESSFUL </i></h3> </strong> ]]>
            </line>
            <line>
              <![CDATA[<h3><b style='color:#1466B8'>&nbsp;&nbsp;&nbsp;Verify that Relationship Manager has received an email notification after completion of 3 signer process.</h3></b>]]>
            </line>
            <line>
              <![CDATA[<br><strong>  -> Open Mailinator to check if user has received package created notification.</strong></br>]]>
            </line>
            <line>
              <![CDATA[<br><strong>  -> Enter test email address for Relationship Manager: auto_R_SAAgGiBZeQixgkgfBwkT</strong></br>]]>
            </line>
            <line>
[...]
            </line>
            <line>
              <![CDATA[<br><strong>Step 39 Click on 'View Document' of 'Product Disclosure Statement'.</strong></br>]]>
            </line>
            <line>
              <![CDATA[<br><strong>Step 40 Click on 'Back to loan documents portal' button of 'Product Disclosure Statement'.</strong></br>]]>
            </line>
            <line>
              <![CDATA[<h3><b style='color:#1466B8'>&nbsp;&nbsp;&nbsp;Verify that 'Not Viewed' state has been changed to 'Viewed'.</h3></b>]]>
            </line>
            <line>
              <![CDATA[<strong> <h3 style="color:DarkGreen">  &#10004; <i>  SUCCESSFUL </i></h3> </strong> ]]>
            </line>
            <line>
              <![CDATA[<br><strong>Step 41 Click on 'Sign Online' button.</strong></br>]]>
            </line>
            <line>
              <![CDATA[<br><strong>Step 42 Click on Down Arrow button move at the end of document.</strong></br>]]>
            </line>
            <line>
              <![CDATA[<br><strong>Step 43 Click on 'Click to Sign' check mark area.</strong></br>]]>
            </line>
            <line>
              <![CDATA[<br><strong>Step 44 Click on 'Ok' to accept confirmation</strong></br>]]>
            </line>
            <line>
              <![CDATA[<br><strong>Step 45 Click on 'Return to Home' button to navigate back to Portal.</strong></br>]]>
            </line>
            <line>
              <![CDATA[<h3><b style='color:#1466B8'>&nbsp;&nbsp;&nbsp;Verify that 'eSign documents' status changed to 'Signed'.</h3></b>]]>
            </line>
            <line>
              <![CDATA[<strong> <h3 style="color:DarkGreen">  &#10004; <i>  SUCCESSFUL </i></h3> </strong> ]]>
            </line>
            <line>
              <![CDATA[<br><strong>Step 46 Upload Print and Signed WFAR Documents.</strong></br>]]>
            </line>
            <line>
              <![CDATA[</br>&nbsp;&nbsp;&nbsp;&nbsp;  --- 1 Documents are avaiable to upload. ---</br>]]>
            </line>
            <line>
              <![CDATA[</br>&nbsp;&nbsp;&nbsp;&nbsp;  -> Document <b>DCC Optional</b> is going to be upload.</br>]]>
            </line>
            <line>
              <![CDATA[</br>&nbsp;&nbsp;&nbsp;&nbsp;  -> Clicked on Upload button.</br>]]>
            </line>
            <line>
              <![CDATA[</br>&nbsp;&nbsp;&nbsp;&nbsp;  -> Check the 'I have printed, signed and scanned all pages of the document' checkbox.</br>]]>
            </line>
            <line>
              <![CDATA[</br>&nbsp;&nbsp;&nbsp;&nbsp;  -> Click on 'Ready to Upload' Button.</br>]]>
            </line>
            <line>
              <![CDATA[</br>&nbsp;&nbsp;&nbsp;&nbsp;  -> Upload any Document.</br>]]>
            </line>
            <line>
              <![CDATA[</br>&nbsp;&nbsp;&nbsp;&nbsp;  -> Click on Upload Now button to upload the Document.</br>]]>
            </line>
            <line>
              <![CDATA[<h3><b style='color:#E27A12'>&nbsp;&nbsp;&nbsp;  Verify that 'Optional' state has changed to 'File Uploaded'.</h3></b>]]>
            </line>
            <line>
              <![CDATA[<strong> <h3 style="color:DarkGreen">  &#10004; <i>  SUCCESSFUL </i></h3> </strong> ]]>
            </line>
            <line>
              <![CDATA[<br><strong>Step 47 Click on 'Submit loan documents' to submit signed loan document.</strong></br>]]>
            </line>
            <line>
              <![CDATA[<h3><b style='color:#1466B8'>&nbsp;&nbsp;&nbsp; Verify Thank you message for borrower.</h3></b>]]>
            </line>
            <line>
              <![CDATA[<strong> <h3 style="color:DarkGreen">  &#10004; <i>  SUCCESSFUL </i></h3> </strong> ]]>
            </line>
            <line>
              <![CDATA[<h3><b style='color:#1466B8'>&nbsp;&nbsp;&nbsp;Verify that Borrower has received an email notification after completion of 3 signer process.</h3></b>]]>
            </line>
            <line>
              <![CDATA[<br><strong>  -> Open Mailinator to check if user has received package created notification.</strong></br>]]>
            </line>
            <line>
              <![CDATA[<br><strong>  -> Enter test email address for Borrower: auto_HZIFiBtlthcvRchiucBW</strong></br>]]>
            </line>
            <line>
              <![CDATA[<strong> <h3 style="color:DarkGreen">  &#10004; <i>  SUCCESSFUL </i></h3> </strong> ]]>
            </line>
            <line>
              <![CDATA[<h3><b style='color:#1466B8'>&nbsp;&nbsp;&nbsp;Verify that Relationship Manager has received an email notification after completion of 3 signer process.</h3></b>]]>
            </line>
            <line>
              <![CDATA[<br><strong>  -> Open Mailinator to check if user has received package created notification.</strong></br>]]>
            </line>
            <line>
              <![CDATA[<br><strong>  -> Enter test email address for Relationship Manager: auto_R_qTSvsUZjlSlOsOXZFYCZ</strong></br>]]>
            </line>
            <line>
              <![CDATA[<strong> <h3 style="color:DarkGreen">  &#10004; <i>  SUCCESSFUL </i></h3> </strong> ]]>
            </line>
          </reporter-output>
        </test-method> <!-- TC_DB_03 -->
        <test-method status="PASS" signature="tearDown(org.testng.ITestResult)[pri:0, instance:com.automation.index.PackageIndex@df27fae]" name="tearDown" is-config="true" duration-ms="11386" started-at="2018-10-26T11:44:15Z" finished-at="2018-10-26T11:44:27Z">
          <params>
            <param index="0">
              <value>
                <![CDATA[[TestResult name=TC_DB_03 status=SUCCESS method=PackageIndex.TC_DB_03()[pri:0, instance:com.automation.index.PackageIndex@df27fae] output=<strong> <h3 style="color:DarkViolet"> TC_DB_03: Verify E2E workflow for package creation and upload signed document with two signer.</h3> </strong>]]]>
              </value>
            </param>
          </params>
          <reporter-output>
          </reporter-output>
        </test-method> <!-- tearDown -->
      </class> <!-- com.automation.index.PackageIndex -->
    </test> <!-- TC_DB_03: Verify E2E workflow for package creation and upload signed document with two signer. -->
    <test name="TC_DB_32 : Verify the functionality when only &#039;required&#039; checkbox is clicked." duration-ms="622492" started-at="2018-10-26T11:44:27Z" finished-at="2018-10-26T11:54:49Z">
      <class name="com.automation.index.PackageIndex">
        <test-method status="PASS" signature="fetchSuiteConfiguration(org.testng.ITestContext)[pri:0, instance:com.automation.index.PackageIndex@5c18298f]" name="fetchSuiteConfiguration" is-config="true" duration-ms="25" started-at="2018-10-26T11:44:27Z" finished-at="2018-10-26T11:44:27Z">
          <params>
            <param index="0">
              <value>
                <![CDATA[org.testng.TestRunner@26ce7e84]]>
              </value>
            </param>
          </params>
          <reporter-output>
          </reporter-output>
        </test-method> <!-- fetchSuiteConfiguration -->
        <test-method status="PASS" signature="setUp(java.lang.reflect.Method, org.testng.ITestContext)[pri:0, instance:com.automation.index.PackageIndex@5c18298f]" name="setUp" is-config="true" duration-ms="25839" started-at="2018-10-26T11:44:27Z" finished-at="2018-10-26T11:44:53Z">
          <params>
            <param index="0">
              <value>
                <![CDATA[public void com.automation.index.PackageIndex.TC_DB_32()]]>
              </value>
            </param>
            <param index="1">
              <value>
                <![CDATA[org.testng.TestRunner@26ce7e84]]>
              </value>
            </param>
          </params>
          <reporter-output>
          </reporter-output>
        </test-method> <!-- setUp -->
        <test-method status="PASS" signature="TC_DB_32()[pri:0, instance:com.automation.index.PackageIndex@5c18298f]" name="TC_DB_32" duration-ms="584887" started-at="2018-10-26T11:44:53Z" finished-at="2018-10-26T11:54:38Z">
          <reporter-output>
            <line>
              <![CDATA[<strong> <h3 style="color:DarkViolet"> TC_DB_32: Verify the functionality when only 'required' checkbox is clicked.</h3> </strong>]]>
            </line>
            <line>
              <![CDATA[<br><strong>Step 1 Enter Username.</strong></br>]]>
            </line>
            <line>
              <![CDATA[</br>&nbsp;&nbsp;&nbsp;&nbsp;  -> Username entered: sy1-dev09-owner@e-signsolutions.com</br>]]>
            </line>
            <line>
              <![CDATA[<br><strong>Step 2 Enter Password.</strong></br>]]>
            </line>
            <line>
              <![CDATA[</br>&nbsp;&nbsp;&nbsp;&nbsp;  -> Password entered: N#abe7dd95b55c1d635349395d8d9244</br>]]>
            </line>
            <line>
              <![CDATA[<br><strong>Step 3 Click on Login button.</strong></br>]]>
            </line>
            <line>
              <![CDATA[<h3><b style='color:#1466B8'>&nbsp;&nbsp;&nbsp; Verify user has logged in successfuly.</h3></b>]]>
            </line>
            <line>
              <![CDATA[</br>&nbsp;&nbsp;&nbsp;&nbsp;Welcome DEV09 Account</br>]]>
            </line>
            <line>
              <![CDATA[<strong> <h3 style="color:DarkGreen">  &#10004; <i>  SUCCESSFUL </i></h3> </strong> ]]>
            </line>
            <line>
              <![CDATA[<br><strong>Step 4 Select workflow from dropdown.</strong></br>]]>
            </line>
            <line>
              <![CDATA[<br><strong>Step 5 Click on 'Create' Button.</strong></br>]]>
            </line>
            <line>
              <![CDATA[<br><strong>Step 6 Enter Borrower details to create package.</strong></br>]]>
            </line>
            <line>
              <![CDATA[</br>&nbsp;&nbsp;&nbsp;&nbsp;  -> Internl Reference: Reference_ztWte</br>]]>
            </line>
            <line>
              <![CDATA[</br>&nbsp;&nbsp;&nbsp;&nbsp;  -> First Name: autoFnamevlqwtMaLQG</br>]]>
            </line>
            <line>
              <![CDATA[</br>&nbsp;&nbsp;&nbsp;&nbsp;  -> Last Name: autoLnamemUyyWHUYFA</br>]]>
            </line>
            <line>
              <![CDATA[</br>&nbsp;&nbsp;&nbsp;&nbsp;  -> Email : auto_jaRLGGEqvhsROtSxGKSu@mailinator.com</br>]]>
            </line>
            <line>
              <![CDATA[</br>&nbsp;&nbsp;&nbsp;&nbsp;  -> Mobile Number : +61444444444</br>]]>
            </line>
            <line>
              <![CDATA[<br><strong>Step 7 Choose any random Required Attachments.</strong></br>]]>
            </line>
            <line>
              <![CDATA[</br>&nbsp;&nbsp;&nbsp;&nbsp;  -> 2 Attachments going to be select.</br>]]>
            </line>
            <line>
              <![CDATA[</br>&nbsp;&nbsp;&nbsp;&nbsp;  -> Transfer of Land</br>]]>
            </line>
            <line>
              <![CDATA[</br>&nbsp;&nbsp;&nbsp;&nbsp;  -> Certificate of Insurance 1</br>]]>
            </line>
            <line>
              <![CDATA[<br><strong>Step 8 Click on Create Button to Create Package.</strong></br>]]>
            </line>
            <line>
              <![CDATA[<br><strong>Step 9 Choose 'Cloude Services Agreement' checkbox to upload contract document.</strong></br>]]>
            </line>
            <line>
              <![CDATA[<br><strong>Step 10 Upload any agreenment file template</strong></br>]]>
            </line>
            <line>
              <![CDATA[<br><strong>Step 11 Click on 'Send Package' button.</strong></br>]]>
            </line>
            <line>
              <![CDATA[<h3><b style='color:#1466B8'>&nbsp;&nbsp;&nbsp;Verify that package has successfully created and found in package table.</h3></b>]]>
            </line>
            <line>
              <![CDATA[</br>&nbsp;&nbsp;&nbsp;&nbsp;Reference_ztWte</br>]]>
            </line>
            <line>
              <![CDATA[</br>&nbsp;&nbsp;&nbsp;&nbsp;Reference_ztWte</br>]]>
            </line>
            <line>
              <![CDATA[<strong> <h3 style="color:DarkGreen">  &#10004; <i>  SUCCESSFUL </i></h3> </strong> ]]>
            </line>
            <line>
              <![CDATA[<br><strong>Step 12 Open Mailinator to check if user has received package created notification.</strong></br>]]>
            </line>
            <line>
              <![CDATA[<br><strong>Step 13 Enter test email address.</strong></br>]]>
            </line>
            <line>
              <![CDATA[<br><strong>Step 14 Click on email notiction received from 'ACME Business Banking'.</strong></br>]]>
            </line>
            <line>
              <![CDATA[<br><strong>Step 15 Click on 'Go to My documents' button to navigate Dashboard.</strong></br>]]>
            </line>
            <line>
              <![CDATA[<br><strong>Step 16 Navigate to other tab and accept Consent.</strong></br>]]>
            </line>
            <line>
              <![CDATA[<br><strong>Step 17 Click on 'Request SMS Authentication Code' button.</strong></br>]]>
            </line>
            <line>
              <![CDATA[<br><strong>Step 18 Enter SMS Code.</strong></br>]]>
            </line>
            <line>
              <![CDATA[<br><strong>Step 19 Click on Authenticate button to verify SMS Code.</strong></br>]]>
            </line>
            <line>
              <![CDATA[<h3><b style='color:#1466B8'>&nbsp;&nbsp;&nbsp;Verify that user navigates to 'Documents Portal'.</h3></b>]]>
            </line>
            <line>
              <![CDATA[</br>&nbsp;&nbsp;&nbsp;&nbsp;  ->Verify Borrower is navigated to portal.</br>]]>
            </line>
            <line>
              <![CDATA[<strong> <h3 style="color:DarkGreen">  &#10004; <i>  SUCCESSFUL </i></h3> </strong> ]]>
            </line>
            <line>
              <![CDATA[<br><strong>Step 20 Click on 'View Document' of 'Product Disclosure Statement'.</strong></br>]]>
            </line>
            <line>
              <![CDATA[<br><strong>Step 21 Click on 'Back to loan documents portal' button of 'Product Disclosure Statement'.</strong></br>]]>
            </line>
            <line>
              <![CDATA[<h3><b style='color:#1466B8'>&nbsp;&nbsp;&nbsp;Verify that 'Not Viewed' state has been changed to 'Viewed'.</h3></b>]]>
            </line>
            <line>
              <![CDATA[<strong> <h3 style="color:DarkGreen">  &#10004; <i>  SUCCESSFUL </i></h3> </strong> ]]>
            </line>
            <line>
              <![CDATA[<br><strong>Step 22 Click on 'Sign Online' button.</strong></br>]]>
            </line>
            <line>
              <![CDATA[<br><strong>Step 23 Click on Down Arrow button move at the end of document.</strong></br>]]>
            </line>
            <line>
              <![CDATA[<br><strong>Step 24 Click on 'Click to Sign' check mark area.</strong></br>]]>
            </line>
            <line>
              <![CDATA[<br><strong>Step 25 Click on 'Ok' to accept confirmation</strong></br>]]>
            </line>
            <line>
              <![CDATA[<br><strong>Step 26 Click on 'Return to Home' button to navigate back to Portal.</strong></br>]]>
            </line>
            <line>
              <![CDATA[<h3><b style='color:#1466B8'>&nbsp;&nbsp;&nbsp;Verify that 'eSign documents' status changed to 'Signed'.</h3></b>]]>
            </line>
            <line>
              <![CDATA[<strong> <h3 style="color:DarkGreen">  &#10004; <i>  SUCCESSFUL </i></h3> </strong> ]]>
            </line>
            <line>
              <![CDATA[<br><strong>Step 27 Upload Print and Signed WFAR Documents.</strong></br>]]>
            </line>
            <line>
              <![CDATA[</br>&nbsp;&nbsp;&nbsp;&nbsp;  --- 2 Documents are avaiable to upload. ---</br>]]>
            </line>
            <line>
              <![CDATA[</br>&nbsp;&nbsp;&nbsp;&nbsp;  -> Document <b>Transfer of Land Incomplete</b> is going to be upload.</br>]]>
            </line>
            <line>
              <![CDATA[</br>&nbsp;&nbsp;&nbsp;&nbsp;  -> Cilcked on Upload button.</br>]]>
            </line>
            <line>
              <![CDATA[</br>&nbsp;&nbsp;&nbsp;&nbsp;  -> Check the 'I have printed, signed and scanned all pages of the document' checkbox.</br>]]>
            </line>
            <line>
              <![CDATA[</br>&nbsp;&nbsp;&nbsp;&nbsp;  -> Click on 'Ready to Upload' Button.</br>]]>
            </line>
            <line>
              <![CDATA[</br>&nbsp;&nbsp;&nbsp;&nbsp;  -> Upload any Document.</br>]]>
            </line>
            <line>
              <![CDATA[</br>&nbsp;&nbsp;&nbsp;&nbsp;  -> Click on Upload Now button to upload the Document.</br>]]>
            </line>
            <line>
              <![CDATA[</br>&nbsp;&nbsp;&nbsp;&nbsp;  -> Click on Cancel button to close existing. </br>]]>
            </line>
            <line>
              <![CDATA[<h3><b style='color:#E27A12'>&nbsp;&nbsp;&nbsp;  Verify that 'Incomplete' state has changed to 'File Uploaded'.</h3></b>]]>
            </line>
            <line>
              <![CDATA[<strong> <h3 style="color:DarkGreen">  &#10004; <i>  SUCCESSFUL </i></h3> </strong> ]]>
            </line>
            <line>
              <![CDATA[</br>&nbsp;&nbsp;&nbsp;&nbsp;  -> Document <b>Certificate of Insurance 1 Incomplete</b> is going to be upload.</br>]]>
            </line>
            <line>
              <![CDATA[</br>&nbsp;&nbsp;&nbsp;&nbsp;  -> Cilcked on Upload button.</br>]]>
            </line>
            <line>
              <![CDATA[</br>&nbsp;&nbsp;&nbsp;&nbsp;  -> Check the 'I have printed, signed and scanned all pages of the document' checkbox.</br>]]>
            </line>
            <line>
              <![CDATA[</br>&nbsp;&nbsp;&nbsp;&nbsp;  -> Click on 'Ready to Upload' Button.</br>]]>
            </line>
            <line>
              <![CDATA[</br>&nbsp;&nbsp;&nbsp;&nbsp;  -> Upload any Document.</br>]]>
            </line>
            <line>
              <![CDATA[</br>&nbsp;&nbsp;&nbsp;&nbsp;  -> Click on Upload Now button to upload the Document.</br>]]>
            </line>
            <line>
              <![CDATA[<h3><b style='color:#E27A12'>&nbsp;&nbsp;&nbsp;  Verify that 'Incomplete' state has changed to 'File Uploaded'.</h3></b>]]>
            </line>
            <line>
              <![CDATA[<strong> <h3 style="color:DarkGreen">  &#10004; <i>  SUCCESSFUL </i></h3> </strong> ]]>
            </line>
            <line>
              <![CDATA[<br><strong>Step 28 Click on 'Submit loan documents' to submit signed loan document.</strong></br>]]>
            </line>
            <line>
              <![CDATA[<h3><b style='color:#1466B8'>&nbsp;&nbsp;&nbsp;Verify Thank you message for borrower.</h3></b>]]>
            </line>
            <line>
              <![CDATA[<strong> <h3 style="color:DarkGreen">  &#10004; <i>  SUCCESSFUL </i></h3> </strong> ]]>
            </line>
          </reporter-output>
        </test-method> <!-- TC_DB_32 -->
        <test-method status="PASS" signature="tearDown(org.testng.ITestResult)[pri:0, instance:com.automation.index.PackageIndex@5c18298f]" name="tearDown" is-config="true" duration-ms="11733" started-at="2018-10-26T11:54:38Z" finished-at="2018-10-26T11:54:49Z">
          <params>
            <param index="0">
              <value>
                <![CDATA[[TestResult name=TC_DB_32 status=SUCCESS method=PackageIndex.TC_DB_32()[pri:0, instance:com.automation.index.PackageIndex@5c18298f] output=<strong> <h3 style="color:DarkViolet"> TC_DB_32: Verify the functionality when only 'required' checkbox is clicked.</h3> </strong>]]]>
              </value>
            </param>
          </params>
          <reporter-output>
          </reporter-output>
        </test-method> <!-- tearDown -->
      </class> <!-- com.automation.index.PackageIndex -->
    </test> <!-- TC_DB_32 : Verify the functionality when only 'required' checkbox is clicked. -->
  </suite> <!-- TestCleanUp -->
</testng-results>
